Started GET "/" for 127.0.0.1 at 2017-08-26 17:01:21 -0700
Processing by Rails::WelcomeController#index as HTML
  Rendering /Users/RipCity/.rbenv/versions/2.4.1/lib/ruby/gems/2.4.0/gems/railties-5.1.3/lib/rails/templates/rails/welcome/index.html.erb
  Rendered /Users/RipCity/.rbenv/versions/2.4.1/lib/ruby/gems/2.4.0/gems/railties-5.1.3/lib/rails/templates/rails/welcome/index.html.erb (5.7ms)
Completed 200 OK in 734ms (Views: 76.5ms)


Started GET "/" for 127.0.0.1 at 2017-08-26 17:03:52 -0700
Processing by WelcomeController#index as HTML
  Rendering welcome/index.html.slim within layouts/application
  Rendered welcome/index.html.slim within layouts/application (47.5ms)
Completed 200 OK in 7540ms (Views: 7530.7ms)


Started GET "/articles/new" for 127.0.0.1 at 2017-08-26 17:13:37 -0700
Processing by ArticlesController#new as HTML
Completed 406 Not Acceptable in 79ms


  
ActionController::UnknownFormat (ArticlesController#new is missing a template for this request format and variant.

request.formats: ["text/html"]
request.variant: []

NOTE! For XHR/Ajax or API requests, this action would normally respond with 204 No Content: an empty white screen. Since you're loading it in a web browser, we assume that you expected to actually render a template, not nothing, so we're showing an error to be extra-clear. If you expect 204 No Content, carry on. That's what you'll get from an XHR or API request. Give it a shot.):
  
actionpack (5.1.3) lib/action_controller/metal/implicit_render.rb:53:in `default_render'
actionpack (5.1.3) lib/action_controller/metal/basic_implicit_render.rb:4:in `block in send_action'
actionpack (5.1.3) lib/action_controller/metal/basic_implicit_render.rb:4:in `tap'
actionpack (5.1.3) lib/action_controller/metal/basic_implicit_render.rb:4:in `send_action'
actionpack (5.1.3) lib/abstract_controller/base.rb:186:in `process_action'
actionpack (5.1.3) lib/action_controller/metal/rendering.rb:30:in `process_action'
actionpack (5.1.3) lib/abstract_controller/callbacks.rb:20:in `block in process_action'
activesupport (5.1.3) lib/active_support/callbacks.rb:131:in `run_callbacks'
actionpack (5.1.3) lib/abstract_controller/callbacks.rb:19:in `process_action'
actionpack (5.1.3) lib/action_controller/metal/rescue.rb:20:in `process_action'
actionpack (5.1.3) lib/action_controller/metal/instrumentation.rb:32:in `block in process_action'
activesupport (5.1.3) lib/active_support/notifications.rb:166:in `block in instrument'
activesupport (5.1.3) lib/active_support/notifications/instrumenter.rb:21:in `instrument'
activesupport (5.1.3) lib/active_support/notifications.rb:166:in `instrument'
actionpack (5.1.3) lib/action_controller/metal/instrumentation.rb:30:in `process_action'
actionpack (5.1.3) lib/action_controller/metal/params_wrapper.rb:252:in `process_action'
activerecord (5.1.3) lib/active_record/railties/controller_runtime.rb:22:in `process_action'
actionpack (5.1.3) lib/abstract_controller/base.rb:124:in `process'
actionview (5.1.3) lib/action_view/rendering.rb:30:in `process'
actionpack (5.1.3) lib/action_controller/metal.rb:189:in `dispatch'
actionpack (5.1.3) lib/action_controller/metal.rb:253:in `dispatch'
actionpack (5.1.3) lib/action_dispatch/routing/route_set.rb:49:in `dispatch'
actionpack (5.1.3) lib/action_dispatch/routing/route_set.rb:31:in `serve'
actionpack (5.1.3) lib/action_dispatch/journey/router.rb:46:in `block in serve'
actionpack (5.1.3) lib/action_dispatch/journey/router.rb:33:in `each'
actionpack (5.1.3) lib/action_dispatch/journey/router.rb:33:in `serve'
actionpack (5.1.3) lib/action_dispatch/routing/route_set.rb:834:in `call'
rack (2.0.3) lib/rack/etag.rb:25:in `call'
rack (2.0.3) lib/rack/conditional_get.rb:25:in `call'
rack (2.0.3) lib/rack/head.rb:12:in `call'
rack (2.0.3) lib/rack/session/abstract/id.rb:232:in `context'
rack (2.0.3) lib/rack/session/abstract/id.rb:226:in `call'
actionpack (5.1.3) lib/action_dispatch/middleware/cookies.rb:613:in `call'
activerecord (5.1.3) lib/active_record/migration.rb:556:in `call'
actionpack (5.1.3) lib/action_dispatch/middleware/callbacks.rb:26:in `block in call'
activesupport (5.1.3) lib/active_support/callbacks.rb:97:in `run_callbacks'
actionpack (5.1.3) lib/action_dispatch/middleware/callbacks.rb:24:in `call'
actionpack (5.1.3) lib/action_dispatch/middleware/executor.rb:12:in `call'
actionpack (5.1.3) lib/action_dispatch/middleware/debug_exceptions.rb:59:in `call'
web-console (3.5.1) lib/web_console/middleware.rb:135:in `call_app'
web-console (3.5.1) lib/web_console/middleware.rb:28:in `block in call'
web-console (3.5.1) lib/web_console/middleware.rb:18:in `catch'
web-console (3.5.1) lib/web_console/middleware.rb:18:in `call'
actionpack (5.1.3) lib/action_dispatch/middleware/show_exceptions.rb:31:in `call'
railties (5.1.3) lib/rails/rack/logger.rb:36:in `call_app'
railties (5.1.3) lib/rails/rack/logger.rb:24:in `block in call'
activesupport (5.1.3) lib/active_support/tagged_logging.rb:69:in `block in tagged'
activesupport (5.1.3) lib/active_support/tagged_logging.rb:26:in `tagged'
activesupport (5.1.3) lib/active_support/tagged_logging.rb:69:in `tagged'
railties (5.1.3) lib/rails/rack/logger.rb:24:in `call'
sprockets-rails (3.2.0) lib/sprockets/rails/quiet_assets.rb:13:in `call'
actionpack (5.1.3) lib/action_dispatch/middleware/remote_ip.rb:79:in `call'
actionpack (5.1.3) lib/action_dispatch/middleware/request_id.rb:25:in `call'
rack (2.0.3) lib/rack/method_override.rb:22:in `call'
rack (2.0.3) lib/rack/runtime.rb:22:in `call'
activesupport (5.1.3) lib/active_support/cache/strategy/local_cache_middleware.rb:27:in `call'
actionpack (5.1.3) lib/action_dispatch/middleware/executor.rb:12:in `call'
actionpack (5.1.3) lib/action_dispatch/middleware/static.rb:125:in `call'
rack (2.0.3) lib/rack/sendfile.rb:111:in `call'
railties (5.1.3) lib/rails/engine.rb:522:in `call'
puma (3.10.0) lib/puma/configuration.rb:225:in `call'
puma (3.10.0) lib/puma/server.rb:605:in `handle_request'
puma (3.10.0) lib/puma/server.rb:437:in `process_client'
puma (3.10.0) lib/puma/server.rb:301:in `block in run'
puma (3.10.0) lib/puma/thread_pool.rb:120:in `block in spawn_thread'
Started GET "/articles/new" for 127.0.0.1 at 2017-08-26 17:17:34 -0700
Processing by ArticlesController#new as HTML
  Rendering articles/new.html.slim within layouts/application
  Rendered articles/new.html.slim within layouts/application (4.2ms)
Completed 200 OK in 450ms (Views: 447.7ms)


Started GET "/articles/new" for 127.0.0.1 at 2017-08-26 17:22:06 -0700
Processing by ArticlesController#new as HTML
  Rendering articles/new.html.slim within layouts/application
  Rendered articles/new.html.slim within layouts/application (12.0ms)
Completed 500 Internal Server Error in 41ms


  
SyntaxError (/Users/RipCity/Projects/dbc/phase_3/blog/app/views/articles/new.html.slim:5: syntax error, unexpected tIDENTIFIER, expecting ')'
e_html_safe((f.label :title br))).to_s)); 
                              ^):
  
app/views/articles/new.html.slim:5: syntax error, unexpected tIDENTIFIER, expecting ')'
Started GET "/articles/new" for 127.0.0.1 at 2017-08-26 17:22:33 -0700
Processing by ArticlesController#new as HTML
  Rendering articles/new.html.slim within layouts/application
  Rendered articles/new.html.slim within layouts/application (4.6ms)
Completed 200 OK in 222ms (Views: 218.8ms)


Started GET "/articles/new" for 127.0.0.1 at 2017-08-26 17:22:41 -0700
Processing by ArticlesController#new as HTML
  Rendering articles/new.html.slim within layouts/application
  Rendered articles/new.html.slim within layouts/application (3.8ms)
Completed 500 Internal Server Error in 13ms


  
SyntaxError (/Users/RipCity/Projects/dbc/phase_3/blog/app/views/articles/new.html.slim:5: syntax error, unexpected tIDENTIFIER, expecting ')'
e_html_safe((f.label :title br))).to_s)); 
                              ^):
  
app/views/articles/new.html.slim:5: syntax error, unexpected tIDENTIFIER, expecting ')'
Started GET "/articles/new" for 127.0.0.1 at 2017-08-26 17:23:04 -0700
Processing by ArticlesController#new as HTML
  Rendering articles/new.html.slim within layouts/application
  Rendered articles/new.html.slim within layouts/application (170.7ms)
Completed 200 OK in 194ms (Views: 190.9ms)


Started GET "/articles/new" for 127.0.0.1 at 2017-08-26 17:23:43 -0700
Processing by ArticlesController#new as HTML
  Rendering articles/new.html.slim within layouts/application
  Rendered articles/new.html.slim within layouts/application (15.2ms)
Completed 200 OK in 38ms (Views: 34.9ms)


Started GET "/articles/new" for 127.0.0.1 at 2017-08-26 17:27:48 -0700
Processing by ArticlesController#new as HTML
  Rendering articles/new.html.slim within layouts/application
  Rendered articles/new.html.slim within layouts/application (6.8ms)
Completed 200 OK in 169ms (Views: 157.6ms)


Started GET "/articles/new" for 127.0.0.1 at 2017-08-26 17:28:38 -0700
Processing by ArticlesController#new as HTML
  Rendering articles/new.html.slim within layouts/application
  Rendered articles/new.html.slim within layouts/application (6.8ms)
Completed 200 OK in 51ms (Views: 48.3ms)


Started GET "/articles/new" for 127.0.0.1 at 2017-08-26 17:29:48 -0700
Processing by ArticlesController#new as HTML
  Rendering articles/new.html.slim within layouts/application
  Rendered articles/new.html.slim within layouts/application (5.9ms)
Completed 200 OK in 32ms (Views: 29.4ms)


  [1m[35m (436.9ms)[0m  [1m[35mCREATE TABLE "schema_migrations" ("version" character varying NOT NULL PRIMARY KEY)[0m
  [1m[35m (39.9ms)[0m  [1m[35mCREATE TABLE "ar_internal_metadata" ("key" character varying NOT NULL PRIMARY KEY, "value" character varying, "created_at" timestamp NOT NULL, "updated_at" timestamp NOT NULL)[0m
  [1m[35m (127.8ms)[0m  [1m[34mSELECT pg_try_advisory_lock(892336952976185220)[0m
  [1m[35m (19.7ms)[0m  [1m[34mSELECT "schema_migrations"."version" FROM "schema_migrations" ORDER BY "schema_migrations"."version" ASC[0m
Migrating to CreateArticles (20170827003426)
  [1m[35m (0.2ms)[0m  [1m[35mBEGIN[0m
  [1m[35m (96.6ms)[0m  [1m[35mCREATE TABLE "articles" ("id" bigserial primary key, "title" character varying, "text" text, "created_at" timestamp NOT NULL, "updated_at" timestamp NOT NULL)[0m
  [1m[35mSQL (21.9ms)[0m  [1m[32mINSERT INTO "schema_migrations" ("version") VALUES ($1) RETURNING "version"[0m  [["version", "20170827003426"]]
  [1m[35m (0.7ms)[0m  [1m[35mCOMMIT[0m
  [1m[36mActiveRecord::InternalMetadata Load (0.5ms)[0m  [1m[34mSELECT  "ar_internal_metadata".* FROM "ar_internal_metadata" WHERE "ar_internal_metadata"."key" = $1 LIMIT $2[0m  [["key", "environment"], ["LIMIT", 1]]
  [1m[35m (0.2ms)[0m  [1m[35mBEGIN[0m
  [1m[35mSQL (14.8ms)[0m  [1m[32mINSERT INTO "ar_internal_metadata" ("key", "value", "created_at", "updated_at") VALUES ($1, $2, $3, $4) RETURNING "key"[0m  [["key", "environment"], ["value", "development"], ["created_at", "2017-08-27 00:38:20.512725"], ["updated_at", "2017-08-27 00:38:20.512725"]]
  [1m[35m (0.6ms)[0m  [1m[35mCOMMIT[0m
  [1m[35m (0.4ms)[0m  [1m[34mSELECT pg_advisory_unlock(892336952976185220)[0m
  [1m[35m (0.6ms)[0m  [1m[34mSELECT "schema_migrations"."version" FROM "schema_migrations" ORDER BY "schema_migrations"."version" ASC[0m
Started GET "/articles/new" for 127.0.0.1 at 2017-08-26 17:40:49 -0700
  [1m[35m (19.3ms)[0m  [1m[34mSELECT "schema_migrations"."version" FROM "schema_migrations" ORDER BY "schema_migrations"."version" ASC[0m
Processing by ArticlesController#new as HTML
  Rendering articles/new.html.slim within layouts/application
  Rendered articles/new.html.slim within layouts/application (7.8ms)
Completed 200 OK in 158ms (Views: 124.2ms | ActiveRecord: 0.0ms)


Started GET "/articles/new" for 127.0.0.1 at 2017-08-26 17:41:03 -0700
Processing by ArticlesController#new as HTML
  Rendering articles/new.html.slim within layouts/application
  Rendered articles/new.html.slim within layouts/application (6.1ms)
Completed 200 OK in 32ms (Views: 30.1ms | ActiveRecord: 0.0ms)


Started POST "/articles/new" for 127.0.0.1 at 2017-08-26 17:41:19 -0700
  
ActionController::RoutingError (No route matches [POST] "/articles/new"):
  
actionpack (5.1.3) lib/action_dispatch/middleware/debug_exceptions.rb:63:in `call'
web-console (3.5.1) lib/web_console/middleware.rb:135:in `call_app'
web-console (3.5.1) lib/web_console/middleware.rb:28:in `block in call'
web-console (3.5.1) lib/web_console/middleware.rb:18:in `catch'
web-console (3.5.1) lib/web_console/middleware.rb:18:in `call'
actionpack (5.1.3) lib/action_dispatch/middleware/show_exceptions.rb:31:in `call'
railties (5.1.3) lib/rails/rack/logger.rb:36:in `call_app'
railties (5.1.3) lib/rails/rack/logger.rb:24:in `block in call'
activesupport (5.1.3) lib/active_support/tagged_logging.rb:69:in `block in tagged'
activesupport (5.1.3) lib/active_support/tagged_logging.rb:26:in `tagged'
activesupport (5.1.3) lib/active_support/tagged_logging.rb:69:in `tagged'
railties (5.1.3) lib/rails/rack/logger.rb:24:in `call'
sprockets-rails (3.2.0) lib/sprockets/rails/quiet_assets.rb:13:in `call'
actionpack (5.1.3) lib/action_dispatch/middleware/remote_ip.rb:79:in `call'
actionpack (5.1.3) lib/action_dispatch/middleware/request_id.rb:25:in `call'
rack (2.0.3) lib/rack/method_override.rb:22:in `call'
rack (2.0.3) lib/rack/runtime.rb:22:in `call'
activesupport (5.1.3) lib/active_support/cache/strategy/local_cache_middleware.rb:27:in `call'
actionpack (5.1.3) lib/action_dispatch/middleware/executor.rb:12:in `call'
actionpack (5.1.3) lib/action_dispatch/middleware/static.rb:125:in `call'
rack (2.0.3) lib/rack/sendfile.rb:111:in `call'
railties (5.1.3) lib/rails/engine.rb:522:in `call'
puma (3.10.0) lib/puma/configuration.rb:225:in `call'
puma (3.10.0) lib/puma/server.rb:605:in `handle_request'
puma (3.10.0) lib/puma/server.rb:437:in `process_client'
puma (3.10.0) lib/puma/server.rb:301:in `block in run'
puma (3.10.0) lib/puma/thread_pool.rb:120:in `block in spawn_thread'
Started POST "/articles/new" for 127.0.0.1 at 2017-08-26 17:49:48 -0700
  
ActionController::RoutingError (No route matches [POST] "/articles/new"):
  
actionpack (5.1.3) lib/action_dispatch/middleware/debug_exceptions.rb:63:in `call'
web-console (3.5.1) lib/web_console/middleware.rb:135:in `call_app'
web-console (3.5.1) lib/web_console/middleware.rb:28:in `block in call'
web-console (3.5.1) lib/web_console/middleware.rb:18:in `catch'
web-console (3.5.1) lib/web_console/middleware.rb:18:in `call'
actionpack (5.1.3) lib/action_dispatch/middleware/show_exceptions.rb:31:in `call'
railties (5.1.3) lib/rails/rack/logger.rb:36:in `call_app'
railties (5.1.3) lib/rails/rack/logger.rb:24:in `block in call'
activesupport (5.1.3) lib/active_support/tagged_logging.rb:69:in `block in tagged'
activesupport (5.1.3) lib/active_support/tagged_logging.rb:26:in `tagged'
activesupport (5.1.3) lib/active_support/tagged_logging.rb:69:in `tagged'
railties (5.1.3) lib/rails/rack/logger.rb:24:in `call'
sprockets-rails (3.2.0) lib/sprockets/rails/quiet_assets.rb:13:in `call'
actionpack (5.1.3) lib/action_dispatch/middleware/remote_ip.rb:79:in `call'
actionpack (5.1.3) lib/action_dispatch/middleware/request_id.rb:25:in `call'
rack (2.0.3) lib/rack/method_override.rb:22:in `call'
rack (2.0.3) lib/rack/runtime.rb:22:in `call'
activesupport (5.1.3) lib/active_support/cache/strategy/local_cache_middleware.rb:27:in `call'
actionpack (5.1.3) lib/action_dispatch/middleware/executor.rb:12:in `call'
actionpack (5.1.3) lib/action_dispatch/middleware/static.rb:125:in `call'
rack (2.0.3) lib/rack/sendfile.rb:111:in `call'
railties (5.1.3) lib/rails/engine.rb:522:in `call'
puma (3.10.0) lib/puma/configuration.rb:225:in `call'
puma (3.10.0) lib/puma/server.rb:605:in `handle_request'
puma (3.10.0) lib/puma/server.rb:437:in `process_client'
puma (3.10.0) lib/puma/server.rb:301:in `block in run'
puma (3.10.0) lib/puma/thread_pool.rb:120:in `block in spawn_thread'
Started GET "/articles/show" for 127.0.0.1 at 2017-08-26 17:49:54 -0700
Processing by ArticlesController#show as HTML
  Parameters: {"id"=>"show"}
  [1m[36mArticle Load (8.2ms)[0m  [1m[34mSELECT  "articles".* FROM "articles" WHERE "articles"."id" = $1 LIMIT $2[0m  [["id", 0], ["LIMIT", 1]]
Completed 404 Not Found in 189ms (ActiveRecord: 60.9ms)


  
ActiveRecord::RecordNotFound (Couldn't find Article with 'id'=show):
  
app/controllers/articles_controller.rb:14:in `show'
Started GET "/articles/new" for 127.0.0.1 at 2017-08-26 17:51:02 -0700
Processing by ArticlesController#new as HTML
  Rendering articles/new.html.slim within layouts/application
  Rendered articles/new.html.slim within layouts/application (12.1ms)
Completed 200 OK in 237ms (Views: 185.0ms | ActiveRecord: 0.0ms)


Started POST "/articles/new" for 127.0.0.1 at 2017-08-26 17:51:17 -0700
  
ActionController::RoutingError (No route matches [POST] "/articles/new"):
  
actionpack (5.1.3) lib/action_dispatch/middleware/debug_exceptions.rb:63:in `call'
web-console (3.5.1) lib/web_console/middleware.rb:135:in `call_app'
web-console (3.5.1) lib/web_console/middleware.rb:28:in `block in call'
web-console (3.5.1) lib/web_console/middleware.rb:18:in `catch'
web-console (3.5.1) lib/web_console/middleware.rb:18:in `call'
actionpack (5.1.3) lib/action_dispatch/middleware/show_exceptions.rb:31:in `call'
railties (5.1.3) lib/rails/rack/logger.rb:36:in `call_app'
railties (5.1.3) lib/rails/rack/logger.rb:24:in `block in call'
activesupport (5.1.3) lib/active_support/tagged_logging.rb:69:in `block in tagged'
activesupport (5.1.3) lib/active_support/tagged_logging.rb:26:in `tagged'
activesupport (5.1.3) lib/active_support/tagged_logging.rb:69:in `tagged'
railties (5.1.3) lib/rails/rack/logger.rb:24:in `call'
sprockets-rails (3.2.0) lib/sprockets/rails/quiet_assets.rb:13:in `call'
actionpack (5.1.3) lib/action_dispatch/middleware/remote_ip.rb:79:in `call'
actionpack (5.1.3) lib/action_dispatch/middleware/request_id.rb:25:in `call'
rack (2.0.3) lib/rack/method_override.rb:22:in `call'
rack (2.0.3) lib/rack/runtime.rb:22:in `call'
activesupport (5.1.3) lib/active_support/cache/strategy/local_cache_middleware.rb:27:in `call'
actionpack (5.1.3) lib/action_dispatch/middleware/executor.rb:12:in `call'
actionpack (5.1.3) lib/action_dispatch/middleware/static.rb:125:in `call'
rack (2.0.3) lib/rack/sendfile.rb:111:in `call'
railties (5.1.3) lib/rails/engine.rb:522:in `call'
puma (3.10.0) lib/puma/configuration.rb:225:in `call'
puma (3.10.0) lib/puma/server.rb:605:in `handle_request'
puma (3.10.0) lib/puma/server.rb:437:in `process_client'
puma (3.10.0) lib/puma/server.rb:301:in `block in run'
puma (3.10.0) lib/puma/thread_pool.rb:120:in `block in spawn_thread'
Started GET "/" for 127.0.0.1 at 2017-08-26 17:53:11 -0700
Processing by WelcomeController#index as HTML
  Rendering welcome/index.html.slim within layouts/application
  Rendered welcome/index.html.slim within layouts/application (3.3ms)
Completed 200 OK in 111ms (Views: 75.0ms | ActiveRecord: 0.0ms)


Started GET "/new" for 127.0.0.1 at 2017-08-26 17:53:17 -0700
  
ActionController::RoutingError (No route matches [GET] "/new"):
  
actionpack (5.1.3) lib/action_dispatch/middleware/debug_exceptions.rb:63:in `call'
web-console (3.5.1) lib/web_console/middleware.rb:135:in `call_app'
web-console (3.5.1) lib/web_console/middleware.rb:28:in `block in call'
web-console (3.5.1) lib/web_console/middleware.rb:18:in `catch'
web-console (3.5.1) lib/web_console/middleware.rb:18:in `call'
actionpack (5.1.3) lib/action_dispatch/middleware/show_exceptions.rb:31:in `call'
railties (5.1.3) lib/rails/rack/logger.rb:36:in `call_app'
railties (5.1.3) lib/rails/rack/logger.rb:24:in `block in call'
activesupport (5.1.3) lib/active_support/tagged_logging.rb:69:in `block in tagged'
activesupport (5.1.3) lib/active_support/tagged_logging.rb:26:in `tagged'
activesupport (5.1.3) lib/active_support/tagged_logging.rb:69:in `tagged'
railties (5.1.3) lib/rails/rack/logger.rb:24:in `call'
sprockets-rails (3.2.0) lib/sprockets/rails/quiet_assets.rb:13:in `call'
actionpack (5.1.3) lib/action_dispatch/middleware/remote_ip.rb:79:in `call'
actionpack (5.1.3) lib/action_dispatch/middleware/request_id.rb:25:in `call'
rack (2.0.3) lib/rack/method_override.rb:22:in `call'
rack (2.0.3) lib/rack/runtime.rb:22:in `call'
activesupport (5.1.3) lib/active_support/cache/strategy/local_cache_middleware.rb:27:in `call'
actionpack (5.1.3) lib/action_dispatch/middleware/executor.rb:12:in `call'
actionpack (5.1.3) lib/action_dispatch/middleware/static.rb:125:in `call'
rack (2.0.3) lib/rack/sendfile.rb:111:in `call'
railties (5.1.3) lib/rails/engine.rb:522:in `call'
puma (3.10.0) lib/puma/configuration.rb:225:in `call'
puma (3.10.0) lib/puma/server.rb:605:in `handle_request'
puma (3.10.0) lib/puma/server.rb:437:in `process_client'
puma (3.10.0) lib/puma/server.rb:301:in `block in run'
puma (3.10.0) lib/puma/thread_pool.rb:120:in `block in spawn_thread'
Started GET "/new" for 127.0.0.1 at 2017-08-26 17:53:55 -0700
  
ActionController::RoutingError (No route matches [GET] "/new"):
  
actionpack (5.1.3) lib/action_dispatch/middleware/debug_exceptions.rb:63:in `call'
web-console (3.5.1) lib/web_console/middleware.rb:135:in `call_app'
web-console (3.5.1) lib/web_console/middleware.rb:28:in `block in call'
web-console (3.5.1) lib/web_console/middleware.rb:18:in `catch'
web-console (3.5.1) lib/web_console/middleware.rb:18:in `call'
actionpack (5.1.3) lib/action_dispatch/middleware/show_exceptions.rb:31:in `call'
railties (5.1.3) lib/rails/rack/logger.rb:36:in `call_app'
railties (5.1.3) lib/rails/rack/logger.rb:24:in `block in call'
activesupport (5.1.3) lib/active_support/tagged_logging.rb:69:in `block in tagged'
activesupport (5.1.3) lib/active_support/tagged_logging.rb:26:in `tagged'
activesupport (5.1.3) lib/active_support/tagged_logging.rb:69:in `tagged'
railties (5.1.3) lib/rails/rack/logger.rb:24:in `call'
sprockets-rails (3.2.0) lib/sprockets/rails/quiet_assets.rb:13:in `call'
actionpack (5.1.3) lib/action_dispatch/middleware/remote_ip.rb:79:in `call'
actionpack (5.1.3) lib/action_dispatch/middleware/request_id.rb:25:in `call'
rack (2.0.3) lib/rack/method_override.rb:22:in `call'
rack (2.0.3) lib/rack/runtime.rb:22:in `call'
activesupport (5.1.3) lib/active_support/cache/strategy/local_cache_middleware.rb:27:in `call'
actionpack (5.1.3) lib/action_dispatch/middleware/executor.rb:12:in `call'
actionpack (5.1.3) lib/action_dispatch/middleware/static.rb:125:in `call'
rack (2.0.3) lib/rack/sendfile.rb:111:in `call'
railties (5.1.3) lib/rails/engine.rb:522:in `call'
puma (3.10.0) lib/puma/configuration.rb:225:in `call'
puma (3.10.0) lib/puma/server.rb:605:in `handle_request'
puma (3.10.0) lib/puma/server.rb:437:in `process_client'
puma (3.10.0) lib/puma/server.rb:301:in `block in run'
puma (3.10.0) lib/puma/thread_pool.rb:120:in `block in spawn_thread'
Started GET "/show" for 127.0.0.1 at 2017-08-26 17:55:58 -0700
  
ActionController::RoutingError (No route matches [GET] "/show"):
  
actionpack (5.1.3) lib/action_dispatch/middleware/debug_exceptions.rb:63:in `call'
web-console (3.5.1) lib/web_console/middleware.rb:135:in `call_app'
web-console (3.5.1) lib/web_console/middleware.rb:28:in `block in call'
web-console (3.5.1) lib/web_console/middleware.rb:18:in `catch'
web-console (3.5.1) lib/web_console/middleware.rb:18:in `call'
actionpack (5.1.3) lib/action_dispatch/middleware/show_exceptions.rb:31:in `call'
railties (5.1.3) lib/rails/rack/logger.rb:36:in `call_app'
railties (5.1.3) lib/rails/rack/logger.rb:24:in `block in call'
activesupport (5.1.3) lib/active_support/tagged_logging.rb:69:in `block in tagged'
activesupport (5.1.3) lib/active_support/tagged_logging.rb:26:in `tagged'
activesupport (5.1.3) lib/active_support/tagged_logging.rb:69:in `tagged'
railties (5.1.3) lib/rails/rack/logger.rb:24:in `call'
sprockets-rails (3.2.0) lib/sprockets/rails/quiet_assets.rb:13:in `call'
actionpack (5.1.3) lib/action_dispatch/middleware/remote_ip.rb:79:in `call'
actionpack (5.1.3) lib/action_dispatch/middleware/request_id.rb:25:in `call'
rack (2.0.3) lib/rack/method_override.rb:22:in `call'
rack (2.0.3) lib/rack/runtime.rb:22:in `call'
activesupport (5.1.3) lib/active_support/cache/strategy/local_cache_middleware.rb:27:in `call'
actionpack (5.1.3) lib/action_dispatch/middleware/executor.rb:12:in `call'
actionpack (5.1.3) lib/action_dispatch/middleware/static.rb:125:in `call'
rack (2.0.3) lib/rack/sendfile.rb:111:in `call'
railties (5.1.3) lib/rails/engine.rb:522:in `call'
puma (3.10.0) lib/puma/configuration.rb:225:in `call'
puma (3.10.0) lib/puma/server.rb:605:in `handle_request'
puma (3.10.0) lib/puma/server.rb:437:in `process_client'
puma (3.10.0) lib/puma/server.rb:301:in `block in run'
puma (3.10.0) lib/puma/thread_pool.rb:120:in `block in spawn_thread'
Started GET "/show" for 127.0.0.1 at 2017-08-26 17:56:08 -0700
  
ActionController::RoutingError (No route matches [GET] "/show"):
  
actionpack (5.1.3) lib/action_dispatch/middleware/debug_exceptions.rb:63:in `call'
web-console (3.5.1) lib/web_console/middleware.rb:135:in `call_app'
web-console (3.5.1) lib/web_console/middleware.rb:28:in `block in call'
web-console (3.5.1) lib/web_console/middleware.rb:18:in `catch'
web-console (3.5.1) lib/web_console/middleware.rb:18:in `call'
actionpack (5.1.3) lib/action_dispatch/middleware/show_exceptions.rb:31:in `call'
railties (5.1.3) lib/rails/rack/logger.rb:36:in `call_app'
railties (5.1.3) lib/rails/rack/logger.rb:24:in `block in call'
activesupport (5.1.3) lib/active_support/tagged_logging.rb:69:in `block in tagged'
activesupport (5.1.3) lib/active_support/tagged_logging.rb:26:in `tagged'
activesupport (5.1.3) lib/active_support/tagged_logging.rb:69:in `tagged'
railties (5.1.3) lib/rails/rack/logger.rb:24:in `call'
sprockets-rails (3.2.0) lib/sprockets/rails/quiet_assets.rb:13:in `call'
actionpack (5.1.3) lib/action_dispatch/middleware/remote_ip.rb:79:in `call'
actionpack (5.1.3) lib/action_dispatch/middleware/request_id.rb:25:in `call'
rack (2.0.3) lib/rack/method_override.rb:22:in `call'
rack (2.0.3) lib/rack/runtime.rb:22:in `call'
activesupport (5.1.3) lib/active_support/cache/strategy/local_cache_middleware.rb:27:in `call'
actionpack (5.1.3) lib/action_dispatch/middleware/executor.rb:12:in `call'
actionpack (5.1.3) lib/action_dispatch/middleware/static.rb:125:in `call'
rack (2.0.3) lib/rack/sendfile.rb:111:in `call'
railties (5.1.3) lib/rails/engine.rb:522:in `call'
puma (3.10.0) lib/puma/configuration.rb:225:in `call'
puma (3.10.0) lib/puma/server.rb:605:in `handle_request'
puma (3.10.0) lib/puma/server.rb:437:in `process_client'
puma (3.10.0) lib/puma/server.rb:301:in `block in run'
puma (3.10.0) lib/puma/thread_pool.rb:120:in `block in spawn_thread'
Started GET "/new" for 127.0.0.1 at 2017-08-26 17:56:13 -0700
  
ActionController::RoutingError (No route matches [GET] "/new"):
  
actionpack (5.1.3) lib/action_dispatch/middleware/debug_exceptions.rb:63:in `call'
web-console (3.5.1) lib/web_console/middleware.rb:135:in `call_app'
web-console (3.5.1) lib/web_console/middleware.rb:28:in `block in call'
web-console (3.5.1) lib/web_console/middleware.rb:18:in `catch'
web-console (3.5.1) lib/web_console/middleware.rb:18:in `call'
actionpack (5.1.3) lib/action_dispatch/middleware/show_exceptions.rb:31:in `call'
railties (5.1.3) lib/rails/rack/logger.rb:36:in `call_app'
railties (5.1.3) lib/rails/rack/logger.rb:24:in `block in call'
activesupport (5.1.3) lib/active_support/tagged_logging.rb:69:in `block in tagged'
activesupport (5.1.3) lib/active_support/tagged_logging.rb:26:in `tagged'
activesupport (5.1.3) lib/active_support/tagged_logging.rb:69:in `tagged'
railties (5.1.3) lib/rails/rack/logger.rb:24:in `call'
sprockets-rails (3.2.0) lib/sprockets/rails/quiet_assets.rb:13:in `call'
actionpack (5.1.3) lib/action_dispatch/middleware/remote_ip.rb:79:in `call'
actionpack (5.1.3) lib/action_dispatch/middleware/request_id.rb:25:in `call'
rack (2.0.3) lib/rack/method_override.rb:22:in `call'
rack (2.0.3) lib/rack/runtime.rb:22:in `call'
activesupport (5.1.3) lib/active_support/cache/strategy/local_cache_middleware.rb:27:in `call'
actionpack (5.1.3) lib/action_dispatch/middleware/executor.rb:12:in `call'
actionpack (5.1.3) lib/action_dispatch/middleware/static.rb:125:in `call'
rack (2.0.3) lib/rack/sendfile.rb:111:in `call'
railties (5.1.3) lib/rails/engine.rb:522:in `call'
puma (3.10.0) lib/puma/configuration.rb:225:in `call'
puma (3.10.0) lib/puma/server.rb:605:in `handle_request'
puma (3.10.0) lib/puma/server.rb:437:in `process_client'
puma (3.10.0) lib/puma/server.rb:301:in `block in run'
puma (3.10.0) lib/puma/thread_pool.rb:120:in `block in spawn_thread'
Started GET "/" for 127.0.0.1 at 2017-08-26 17:56:19 -0700
Processing by WelcomeController#index as HTML
  Rendering welcome/index.html.slim within layouts/application
  Rendered welcome/index.html.slim within layouts/application (7.3ms)
Completed 200 OK in 151ms (Views: 142.7ms | ActiveRecord: 0.0ms)


Started GET "/new" for 127.0.0.1 at 2017-08-26 17:56:30 -0700
  
ActionController::RoutingError (No route matches [GET] "/new"):
  
actionpack (5.1.3) lib/action_dispatch/middleware/debug_exceptions.rb:63:in `call'
web-console (3.5.1) lib/web_console/middleware.rb:135:in `call_app'
web-console (3.5.1) lib/web_console/middleware.rb:28:in `block in call'
web-console (3.5.1) lib/web_console/middleware.rb:18:in `catch'
web-console (3.5.1) lib/web_console/middleware.rb:18:in `call'
actionpack (5.1.3) lib/action_dispatch/middleware/show_exceptions.rb:31:in `call'
railties (5.1.3) lib/rails/rack/logger.rb:36:in `call_app'
railties (5.1.3) lib/rails/rack/logger.rb:24:in `block in call'
activesupport (5.1.3) lib/active_support/tagged_logging.rb:69:in `block in tagged'
activesupport (5.1.3) lib/active_support/tagged_logging.rb:26:in `tagged'
activesupport (5.1.3) lib/active_support/tagged_logging.rb:69:in `tagged'
railties (5.1.3) lib/rails/rack/logger.rb:24:in `call'
sprockets-rails (3.2.0) lib/sprockets/rails/quiet_assets.rb:13:in `call'
actionpack (5.1.3) lib/action_dispatch/middleware/remote_ip.rb:79:in `call'
actionpack (5.1.3) lib/action_dispatch/middleware/request_id.rb:25:in `call'
rack (2.0.3) lib/rack/method_override.rb:22:in `call'
rack (2.0.3) lib/rack/runtime.rb:22:in `call'
activesupport (5.1.3) lib/active_support/cache/strategy/local_cache_middleware.rb:27:in `call'
actionpack (5.1.3) lib/action_dispatch/middleware/executor.rb:12:in `call'
actionpack (5.1.3) lib/action_dispatch/middleware/static.rb:125:in `call'
rack (2.0.3) lib/rack/sendfile.rb:111:in `call'
railties (5.1.3) lib/rails/engine.rb:522:in `call'
puma (3.10.0) lib/puma/configuration.rb:225:in `call'
puma (3.10.0) lib/puma/server.rb:605:in `handle_request'
puma (3.10.0) lib/puma/server.rb:437:in `process_client'
puma (3.10.0) lib/puma/server.rb:301:in `block in run'
puma (3.10.0) lib/puma/thread_pool.rb:120:in `block in spawn_thread'
Started GET "/new" for 127.0.0.1 at 2017-08-26 17:58:11 -0700
  
ActionController::RoutingError (No route matches [GET] "/new"):
  
actionpack (5.1.3) lib/action_dispatch/middleware/debug_exceptions.rb:63:in `call'
web-console (3.5.1) lib/web_console/middleware.rb:135:in `call_app'
web-console (3.5.1) lib/web_console/middleware.rb:28:in `block in call'
web-console (3.5.1) lib/web_console/middleware.rb:18:in `catch'
web-console (3.5.1) lib/web_console/middleware.rb:18:in `call'
actionpack (5.1.3) lib/action_dispatch/middleware/show_exceptions.rb:31:in `call'
railties (5.1.3) lib/rails/rack/logger.rb:36:in `call_app'
railties (5.1.3) lib/rails/rack/logger.rb:24:in `block in call'
activesupport (5.1.3) lib/active_support/tagged_logging.rb:69:in `block in tagged'
activesupport (5.1.3) lib/active_support/tagged_logging.rb:26:in `tagged'
activesupport (5.1.3) lib/active_support/tagged_logging.rb:69:in `tagged'
railties (5.1.3) lib/rails/rack/logger.rb:24:in `call'
sprockets-rails (3.2.0) lib/sprockets/rails/quiet_assets.rb:13:in `call'
actionpack (5.1.3) lib/action_dispatch/middleware/remote_ip.rb:79:in `call'
actionpack (5.1.3) lib/action_dispatch/middleware/request_id.rb:25:in `call'
rack (2.0.3) lib/rack/method_override.rb:22:in `call'
rack (2.0.3) lib/rack/runtime.rb:22:in `call'
activesupport (5.1.3) lib/active_support/cache/strategy/local_cache_middleware.rb:27:in `call'
actionpack (5.1.3) lib/action_dispatch/middleware/executor.rb:12:in `call'
actionpack (5.1.3) lib/action_dispatch/middleware/static.rb:125:in `call'
rack (2.0.3) lib/rack/sendfile.rb:111:in `call'
railties (5.1.3) lib/rails/engine.rb:522:in `call'
puma (3.10.0) lib/puma/configuration.rb:225:in `call'
puma (3.10.0) lib/puma/server.rb:605:in `handle_request'
puma (3.10.0) lib/puma/server.rb:437:in `process_client'
puma (3.10.0) lib/puma/server.rb:301:in `block in run'
puma (3.10.0) lib/puma/thread_pool.rb:120:in `block in spawn_thread'
Started GET "/new" for 127.0.0.1 at 2017-08-26 17:58:30 -0700
  
ActionController::RoutingError (No route matches [GET] "/new"):
  
actionpack (5.1.3) lib/action_dispatch/middleware/debug_exceptions.rb:63:in `call'
web-console (3.5.1) lib/web_console/middleware.rb:135:in `call_app'
web-console (3.5.1) lib/web_console/middleware.rb:28:in `block in call'
web-console (3.5.1) lib/web_console/middleware.rb:18:in `catch'
web-console (3.5.1) lib/web_console/middleware.rb:18:in `call'
actionpack (5.1.3) lib/action_dispatch/middleware/show_exceptions.rb:31:in `call'
railties (5.1.3) lib/rails/rack/logger.rb:36:in `call_app'
railties (5.1.3) lib/rails/rack/logger.rb:24:in `block in call'
activesupport (5.1.3) lib/active_support/tagged_logging.rb:69:in `block in tagged'
activesupport (5.1.3) lib/active_support/tagged_logging.rb:26:in `tagged'
activesupport (5.1.3) lib/active_support/tagged_logging.rb:69:in `tagged'
railties (5.1.3) lib/rails/rack/logger.rb:24:in `call'
sprockets-rails (3.2.0) lib/sprockets/rails/quiet_assets.rb:13:in `call'
actionpack (5.1.3) lib/action_dispatch/middleware/remote_ip.rb:79:in `call'
actionpack (5.1.3) lib/action_dispatch/middleware/request_id.rb:25:in `call'
rack (2.0.3) lib/rack/method_override.rb:22:in `call'
rack (2.0.3) lib/rack/runtime.rb:22:in `call'
activesupport (5.1.3) lib/active_support/cache/strategy/local_cache_middleware.rb:27:in `call'
actionpack (5.1.3) lib/action_dispatch/middleware/executor.rb:12:in `call'
actionpack (5.1.3) lib/action_dispatch/middleware/static.rb:125:in `call'
rack (2.0.3) lib/rack/sendfile.rb:111:in `call'
railties (5.1.3) lib/rails/engine.rb:522:in `call'
puma (3.10.0) lib/puma/configuration.rb:225:in `call'
puma (3.10.0) lib/puma/server.rb:605:in `handle_request'
puma (3.10.0) lib/puma/server.rb:437:in `process_client'
puma (3.10.0) lib/puma/server.rb:301:in `block in run'
puma (3.10.0) lib/puma/thread_pool.rb:120:in `block in spawn_thread'
Started GET "/new" for 127.0.0.1 at 2017-08-26 17:58:46 -0700
  
ActionController::RoutingError (No route matches [GET] "/new"):
  
actionpack (5.1.3) lib/action_dispatch/middleware/debug_exceptions.rb:63:in `call'
web-console (3.5.1) lib/web_console/middleware.rb:135:in `call_app'
web-console (3.5.1) lib/web_console/middleware.rb:28:in `block in call'
web-console (3.5.1) lib/web_console/middleware.rb:18:in `catch'
web-console (3.5.1) lib/web_console/middleware.rb:18:in `call'
actionpack (5.1.3) lib/action_dispatch/middleware/show_exceptions.rb:31:in `call'
railties (5.1.3) lib/rails/rack/logger.rb:36:in `call_app'
railties (5.1.3) lib/rails/rack/logger.rb:24:in `block in call'
activesupport (5.1.3) lib/active_support/tagged_logging.rb:69:in `block in tagged'
activesupport (5.1.3) lib/active_support/tagged_logging.rb:26:in `tagged'
activesupport (5.1.3) lib/active_support/tagged_logging.rb:69:in `tagged'
railties (5.1.3) lib/rails/rack/logger.rb:24:in `call'
sprockets-rails (3.2.0) lib/sprockets/rails/quiet_assets.rb:13:in `call'
actionpack (5.1.3) lib/action_dispatch/middleware/remote_ip.rb:79:in `call'
actionpack (5.1.3) lib/action_dispatch/middleware/request_id.rb:25:in `call'
rack (2.0.3) lib/rack/method_override.rb:22:in `call'
rack (2.0.3) lib/rack/runtime.rb:22:in `call'
activesupport (5.1.3) lib/active_support/cache/strategy/local_cache_middleware.rb:27:in `call'
actionpack (5.1.3) lib/action_dispatch/middleware/executor.rb:12:in `call'
actionpack (5.1.3) lib/action_dispatch/middleware/static.rb:125:in `call'
rack (2.0.3) lib/rack/sendfile.rb:111:in `call'
railties (5.1.3) lib/rails/engine.rb:522:in `call'
puma (3.10.0) lib/puma/configuration.rb:225:in `call'
puma (3.10.0) lib/puma/server.rb:605:in `handle_request'
puma (3.10.0) lib/puma/server.rb:437:in `process_client'
puma (3.10.0) lib/puma/server.rb:301:in `block in run'
puma (3.10.0) lib/puma/thread_pool.rb:120:in `block in spawn_thread'
  [1m[35m (11.2ms)[0m  [1m[34mSELECT "schema_migrations"."version" FROM "schema_migrations" ORDER BY "schema_migrations"."version" ASC[0m
  [1m[35m (31.4ms)[0m  [1m[34mSELECT "ar_internal_metadata"."value" FROM "ar_internal_metadata" WHERE "ar_internal_metadata"."key" = $1[0m  [["key", "environment"]]
  [1m[35m (0.3ms)[0m  [1m[34mSELECT "schema_migrations"."version" FROM "schema_migrations" ORDER BY "schema_migrations"."version" ASC[0m
  [1m[35m (0.2ms)[0m  [1m[34mSELECT "ar_internal_metadata"."value" FROM "ar_internal_metadata" WHERE "ar_internal_metadata"."key" = $1[0m  [["key", "environment"]]
  [1m[35m (0.2ms)[0m  [1m[34mSELECT "schema_migrations"."version" FROM "schema_migrations" ORDER BY "schema_migrations"."version" ASC[0m
  [1m[35m (0.2ms)[0m  [1m[34mSELECT "ar_internal_metadata"."value" FROM "ar_internal_metadata" WHERE "ar_internal_metadata"."key" = $1[0m  [["key", "environment"]]
  [1m[35m (5101.7ms)[0m  [1m[35mDROP DATABASE IF EXISTS "blog_development"[0m
Started GET "/new" for 127.0.0.1 at 2017-08-26 18:07:12 -0700
  [1m[35m (33.1ms)[0m  [1m[34mSELECT "schema_migrations"."version" FROM "schema_migrations" ORDER BY "schema_migrations"."version" ASC[0m
  
ActionController::RoutingError (No route matches [GET] "/new"):
  
actionpack (5.1.3) lib/action_dispatch/middleware/debug_exceptions.rb:63:in `call'
web-console (3.5.1) lib/web_console/middleware.rb:135:in `call_app'
web-console (3.5.1) lib/web_console/middleware.rb:28:in `block in call'
web-console (3.5.1) lib/web_console/middleware.rb:18:in `catch'
web-console (3.5.1) lib/web_console/middleware.rb:18:in `call'
actionpack (5.1.3) lib/action_dispatch/middleware/show_exceptions.rb:31:in `call'
railties (5.1.3) lib/rails/rack/logger.rb:36:in `call_app'
railties (5.1.3) lib/rails/rack/logger.rb:24:in `block in call'
activesupport (5.1.3) lib/active_support/tagged_logging.rb:69:in `block in tagged'
activesupport (5.1.3) lib/active_support/tagged_logging.rb:26:in `tagged'
activesupport (5.1.3) lib/active_support/tagged_logging.rb:69:in `tagged'
railties (5.1.3) lib/rails/rack/logger.rb:24:in `call'
sprockets-rails (3.2.0) lib/sprockets/rails/quiet_assets.rb:13:in `call'
actionpack (5.1.3) lib/action_dispatch/middleware/remote_ip.rb:79:in `call'
actionpack (5.1.3) lib/action_dispatch/middleware/request_id.rb:25:in `call'
rack (2.0.3) lib/rack/method_override.rb:22:in `call'
rack (2.0.3) lib/rack/runtime.rb:22:in `call'
activesupport (5.1.3) lib/active_support/cache/strategy/local_cache_middleware.rb:27:in `call'
actionpack (5.1.3) lib/action_dispatch/middleware/executor.rb:12:in `call'
actionpack (5.1.3) lib/action_dispatch/middleware/static.rb:125:in `call'
rack (2.0.3) lib/rack/sendfile.rb:111:in `call'
railties (5.1.3) lib/rails/engine.rb:522:in `call'
puma (3.10.0) lib/puma/configuration.rb:225:in `call'
puma (3.10.0) lib/puma/server.rb:605:in `handle_request'
puma (3.10.0) lib/puma/server.rb:437:in `process_client'
puma (3.10.0) lib/puma/server.rb:301:in `block in run'
puma (3.10.0) lib/puma/thread_pool.rb:120:in `block in spawn_thread'
Started GET "/" for 127.0.0.1 at 2017-08-26 18:07:17 -0700
Processing by WelcomeController#index as HTML
  Rendering welcome/index.html.slim within layouts/application
  Rendered welcome/index.html.slim within layouts/application (44.5ms)
Completed 200 OK in 852ms (Views: 828.8ms | ActiveRecord: 0.0ms)


Started GET "/" for 127.0.0.1 at 2017-08-26 18:07:30 -0700
Processing by WelcomeController#index as HTML
  Rendering welcome/index.html.slim within layouts/application
  Rendered welcome/index.html.slim within layouts/application (3.5ms)
Completed 200 OK in 61ms (Views: 43.8ms | ActiveRecord: 0.0ms)


Started GET "/new" for 127.0.0.1 at 2017-08-26 18:07:37 -0700
  
ActionController::RoutingError (No route matches [GET] "/new"):
  
actionpack (5.1.3) lib/action_dispatch/middleware/debug_exceptions.rb:63:in `call'
web-console (3.5.1) lib/web_console/middleware.rb:135:in `call_app'
web-console (3.5.1) lib/web_console/middleware.rb:28:in `block in call'
web-console (3.5.1) lib/web_console/middleware.rb:18:in `catch'
web-console (3.5.1) lib/web_console/middleware.rb:18:in `call'
actionpack (5.1.3) lib/action_dispatch/middleware/show_exceptions.rb:31:in `call'
railties (5.1.3) lib/rails/rack/logger.rb:36:in `call_app'
railties (5.1.3) lib/rails/rack/logger.rb:24:in `block in call'
activesupport (5.1.3) lib/active_support/tagged_logging.rb:69:in `block in tagged'
activesupport (5.1.3) lib/active_support/tagged_logging.rb:26:in `tagged'
activesupport (5.1.3) lib/active_support/tagged_logging.rb:69:in `tagged'
railties (5.1.3) lib/rails/rack/logger.rb:24:in `call'
sprockets-rails (3.2.0) lib/sprockets/rails/quiet_assets.rb:13:in `call'
actionpack (5.1.3) lib/action_dispatch/middleware/remote_ip.rb:79:in `call'
actionpack (5.1.3) lib/action_dispatch/middleware/request_id.rb:25:in `call'
rack (2.0.3) lib/rack/method_override.rb:22:in `call'
rack (2.0.3) lib/rack/runtime.rb:22:in `call'
activesupport (5.1.3) lib/active_support/cache/strategy/local_cache_middleware.rb:27:in `call'
actionpack (5.1.3) lib/action_dispatch/middleware/executor.rb:12:in `call'
actionpack (5.1.3) lib/action_dispatch/middleware/static.rb:125:in `call'
rack (2.0.3) lib/rack/sendfile.rb:111:in `call'
railties (5.1.3) lib/rails/engine.rb:522:in `call'
puma (3.10.0) lib/puma/configuration.rb:225:in `call'
puma (3.10.0) lib/puma/server.rb:605:in `handle_request'
puma (3.10.0) lib/puma/server.rb:437:in `process_client'
puma (3.10.0) lib/puma/server.rb:301:in `block in run'
puma (3.10.0) lib/puma/thread_pool.rb:120:in `block in spawn_thread'
Started GET "/articles/new" for 127.0.0.1 at 2017-08-26 18:08:08 -0700
Processing by ArticlesController#new as HTML
  Rendering articles/new.html.slim within layouts/application
  Rendered articles/new.html.slim within layouts/application (3.4ms)
Completed 200 OK in 50ms (Views: 29.6ms | ActiveRecord: 0.0ms)


Started GET "/articles/new" for 127.0.0.1 at 2017-08-26 18:08:31 -0700
Processing by ArticlesController#new as HTML
  Rendering articles/new.html.slim within layouts/application
  Rendered articles/new.html.slim within layouts/application (3.6ms)
Completed 200 OK in 70ms (Views: 66.2ms | ActiveRecord: 0.0ms)


Started GET "/articles/new" for 127.0.0.1 at 2017-08-26 18:08:46 -0700
Processing by ArticlesController#new as HTML
  Rendering articles/new.html.slim within layouts/application
  Rendered articles/new.html.slim within layouts/application (126.9ms)
Completed 200 OK in 204ms (Views: 199.8ms | ActiveRecord: 0.0ms)


Started GET "/articles/new" for 127.0.0.1 at 2017-08-26 18:08:59 -0700
Processing by ArticlesController#new as HTML
  Rendering articles/new.html.slim within layouts/application
  Rendered articles/new.html.slim within layouts/application (5.0ms)
Completed 200 OK in 30ms (Views: 27.3ms | ActiveRecord: 0.0ms)


Started POST "/articles/new" for 127.0.0.1 at 2017-08-26 19:10:35 -0700
  
ActionController::RoutingError (No route matches [POST] "/articles/new"):
  
actionpack (5.1.3) lib/action_dispatch/middleware/debug_exceptions.rb:63:in `call'
web-console (3.5.1) lib/web_console/middleware.rb:135:in `call_app'
web-console (3.5.1) lib/web_console/middleware.rb:28:in `block in call'
web-console (3.5.1) lib/web_console/middleware.rb:18:in `catch'
web-console (3.5.1) lib/web_console/middleware.rb:18:in `call'
actionpack (5.1.3) lib/action_dispatch/middleware/show_exceptions.rb:31:in `call'
railties (5.1.3) lib/rails/rack/logger.rb:36:in `call_app'
railties (5.1.3) lib/rails/rack/logger.rb:24:in `block in call'
activesupport (5.1.3) lib/active_support/tagged_logging.rb:69:in `block in tagged'
activesupport (5.1.3) lib/active_support/tagged_logging.rb:26:in `tagged'
activesupport (5.1.3) lib/active_support/tagged_logging.rb:69:in `tagged'
railties (5.1.3) lib/rails/rack/logger.rb:24:in `call'
sprockets-rails (3.2.0) lib/sprockets/rails/quiet_assets.rb:13:in `call'
actionpack (5.1.3) lib/action_dispatch/middleware/remote_ip.rb:79:in `call'
actionpack (5.1.3) lib/action_dispatch/middleware/request_id.rb:25:in `call'
rack (2.0.3) lib/rack/method_override.rb:22:in `call'
rack (2.0.3) lib/rack/runtime.rb:22:in `call'
activesupport (5.1.3) lib/active_support/cache/strategy/local_cache_middleware.rb:27:in `call'
actionpack (5.1.3) lib/action_dispatch/middleware/executor.rb:12:in `call'
actionpack (5.1.3) lib/action_dispatch/middleware/static.rb:125:in `call'
rack (2.0.3) lib/rack/sendfile.rb:111:in `call'
railties (5.1.3) lib/rails/engine.rb:522:in `call'
puma (3.10.0) lib/puma/configuration.rb:225:in `call'
puma (3.10.0) lib/puma/server.rb:605:in `handle_request'
puma (3.10.0) lib/puma/server.rb:437:in `process_client'
puma (3.10.0) lib/puma/server.rb:301:in `block in run'
puma (3.10.0) lib/puma/thread_pool.rb:120:in `block in spawn_thread'
Started POST "/articles/new" for 127.0.0.1 at 2017-08-26 19:44:12 -0700
  
ActionController::RoutingError (No route matches [POST] "/articles/new"):
  
actionpack (5.1.3) lib/action_dispatch/middleware/debug_exceptions.rb:63:in `call'
web-console (3.5.1) lib/web_console/middleware.rb:135:in `call_app'
web-console (3.5.1) lib/web_console/middleware.rb:28:in `block in call'
web-console (3.5.1) lib/web_console/middleware.rb:18:in `catch'
web-console (3.5.1) lib/web_console/middleware.rb:18:in `call'
actionpack (5.1.3) lib/action_dispatch/middleware/show_exceptions.rb:31:in `call'
railties (5.1.3) lib/rails/rack/logger.rb:36:in `call_app'
railties (5.1.3) lib/rails/rack/logger.rb:24:in `block in call'
activesupport (5.1.3) lib/active_support/tagged_logging.rb:69:in `block in tagged'
activesupport (5.1.3) lib/active_support/tagged_logging.rb:26:in `tagged'
activesupport (5.1.3) lib/active_support/tagged_logging.rb:69:in `tagged'
railties (5.1.3) lib/rails/rack/logger.rb:24:in `call'
sprockets-rails (3.2.0) lib/sprockets/rails/quiet_assets.rb:13:in `call'
actionpack (5.1.3) lib/action_dispatch/middleware/remote_ip.rb:79:in `call'
actionpack (5.1.3) lib/action_dispatch/middleware/request_id.rb:25:in `call'
rack (2.0.3) lib/rack/method_override.rb:22:in `call'
rack (2.0.3) lib/rack/runtime.rb:22:in `call'
activesupport (5.1.3) lib/active_support/cache/strategy/local_cache_middleware.rb:27:in `call'
actionpack (5.1.3) lib/action_dispatch/middleware/executor.rb:12:in `call'
actionpack (5.1.3) lib/action_dispatch/middleware/static.rb:125:in `call'
rack (2.0.3) lib/rack/sendfile.rb:111:in `call'
railties (5.1.3) lib/rails/engine.rb:522:in `call'
puma (3.10.0) lib/puma/configuration.rb:225:in `call'
puma (3.10.0) lib/puma/server.rb:605:in `handle_request'
puma (3.10.0) lib/puma/server.rb:437:in `process_client'
puma (3.10.0) lib/puma/server.rb:301:in `block in run'
puma (3.10.0) lib/puma/thread_pool.rb:120:in `block in spawn_thread'
Started POST "/articles/new" for 127.0.0.1 at 2017-08-26 19:44:48 -0700
  
ActionController::RoutingError (No route matches [POST] "/articles/new"):
  
actionpack (5.1.3) lib/action_dispatch/middleware/debug_exceptions.rb:63:in `call'
web-console (3.5.1) lib/web_console/middleware.rb:135:in `call_app'
web-console (3.5.1) lib/web_console/middleware.rb:28:in `block in call'
web-console (3.5.1) lib/web_console/middleware.rb:18:in `catch'
web-console (3.5.1) lib/web_console/middleware.rb:18:in `call'
actionpack (5.1.3) lib/action_dispatch/middleware/show_exceptions.rb:31:in `call'
railties (5.1.3) lib/rails/rack/logger.rb:36:in `call_app'
railties (5.1.3) lib/rails/rack/logger.rb:24:in `block in call'
activesupport (5.1.3) lib/active_support/tagged_logging.rb:69:in `block in tagged'
activesupport (5.1.3) lib/active_support/tagged_logging.rb:26:in `tagged'
activesupport (5.1.3) lib/active_support/tagged_logging.rb:69:in `tagged'
railties (5.1.3) lib/rails/rack/logger.rb:24:in `call'
sprockets-rails (3.2.0) lib/sprockets/rails/quiet_assets.rb:13:in `call'
actionpack (5.1.3) lib/action_dispatch/middleware/remote_ip.rb:79:in `call'
actionpack (5.1.3) lib/action_dispatch/middleware/request_id.rb:25:in `call'
rack (2.0.3) lib/rack/method_override.rb:22:in `call'
rack (2.0.3) lib/rack/runtime.rb:22:in `call'
activesupport (5.1.3) lib/active_support/cache/strategy/local_cache_middleware.rb:27:in `call'
actionpack (5.1.3) lib/action_dispatch/middleware/executor.rb:12:in `call'
actionpack (5.1.3) lib/action_dispatch/middleware/static.rb:125:in `call'
rack (2.0.3) lib/rack/sendfile.rb:111:in `call'
railties (5.1.3) lib/rails/engine.rb:522:in `call'
puma (3.10.0) lib/puma/configuration.rb:225:in `call'
puma (3.10.0) lib/puma/server.rb:605:in `handle_request'
puma (3.10.0) lib/puma/server.rb:437:in `process_client'
puma (3.10.0) lib/puma/server.rb:301:in `block in run'
puma (3.10.0) lib/puma/thread_pool.rb:120:in `block in spawn_thread'
Started POST "/articles/new" for 127.0.0.1 at 2017-08-26 19:45:13 -0700
  
ActionController::RoutingError (No route matches [POST] "/articles/new"):
  
actionpack (5.1.3) lib/action_dispatch/middleware/debug_exceptions.rb:63:in `call'
web-console (3.5.1) lib/web_console/middleware.rb:135:in `call_app'
web-console (3.5.1) lib/web_console/middleware.rb:28:in `block in call'
web-console (3.5.1) lib/web_console/middleware.rb:18:in `catch'
web-console (3.5.1) lib/web_console/middleware.rb:18:in `call'
actionpack (5.1.3) lib/action_dispatch/middleware/show_exceptions.rb:31:in `call'
railties (5.1.3) lib/rails/rack/logger.rb:36:in `call_app'
railties (5.1.3) lib/rails/rack/logger.rb:24:in `block in call'
activesupport (5.1.3) lib/active_support/tagged_logging.rb:69:in `block in tagged'
activesupport (5.1.3) lib/active_support/tagged_logging.rb:26:in `tagged'
activesupport (5.1.3) lib/active_support/tagged_logging.rb:69:in `tagged'
railties (5.1.3) lib/rails/rack/logger.rb:24:in `call'
sprockets-rails (3.2.0) lib/sprockets/rails/quiet_assets.rb:13:in `call'
actionpack (5.1.3) lib/action_dispatch/middleware/remote_ip.rb:79:in `call'
actionpack (5.1.3) lib/action_dispatch/middleware/request_id.rb:25:in `call'
rack (2.0.3) lib/rack/method_override.rb:22:in `call'
rack (2.0.3) lib/rack/runtime.rb:22:in `call'
activesupport (5.1.3) lib/active_support/cache/strategy/local_cache_middleware.rb:27:in `call'
actionpack (5.1.3) lib/action_dispatch/middleware/executor.rb:12:in `call'
actionpack (5.1.3) lib/action_dispatch/middleware/static.rb:125:in `call'
rack (2.0.3) lib/rack/sendfile.rb:111:in `call'
railties (5.1.3) lib/rails/engine.rb:522:in `call'
puma (3.10.0) lib/puma/configuration.rb:225:in `call'
puma (3.10.0) lib/puma/server.rb:605:in `handle_request'
puma (3.10.0) lib/puma/server.rb:437:in `process_client'
puma (3.10.0) lib/puma/server.rb:301:in `block in run'
puma (3.10.0) lib/puma/thread_pool.rb:120:in `block in spawn_thread'
Started GET "/" for 127.0.0.1 at 2017-08-26 19:45:27 -0700
Processing by WelcomeController#index as HTML
  Rendering welcome/index.html.slim within layouts/application
  Rendered welcome/index.html.slim within layouts/application (5.6ms)
Completed 200 OK in 261ms (Views: 214.8ms | ActiveRecord: 0.0ms)


Started GET "/articles/new" for 127.0.0.1 at 2017-08-26 19:45:34 -0700
Processing by ArticlesController#new as HTML
  Rendering articles/new.html.slim within layouts/application
  Rendered articles/new.html.slim within layouts/application (3.6ms)
Completed 200 OK in 54ms (Views: 25.9ms | ActiveRecord: 0.0ms)


Started GET "/articles/new" for 127.0.0.1 at 2017-08-26 19:45:50 -0700
Processing by ArticlesController#new as HTML
  Rendering articles/new.html.slim within layouts/application
  Rendered articles/new.html.slim within layouts/application (8.1ms)
Completed 200 OK in 45ms (Views: 40.3ms | ActiveRecord: 0.0ms)


Started POST "/articles/new" for 127.0.0.1 at 2017-08-26 19:46:04 -0700
  
ActionController::RoutingError (No route matches [POST] "/articles/new"):
  
actionpack (5.1.3) lib/action_dispatch/middleware/debug_exceptions.rb:63:in `call'
web-console (3.5.1) lib/web_console/middleware.rb:135:in `call_app'
web-console (3.5.1) lib/web_console/middleware.rb:28:in `block in call'
web-console (3.5.1) lib/web_console/middleware.rb:18:in `catch'
web-console (3.5.1) lib/web_console/middleware.rb:18:in `call'
actionpack (5.1.3) lib/action_dispatch/middleware/show_exceptions.rb:31:in `call'
railties (5.1.3) lib/rails/rack/logger.rb:36:in `call_app'
railties (5.1.3) lib/rails/rack/logger.rb:24:in `block in call'
activesupport (5.1.3) lib/active_support/tagged_logging.rb:69:in `block in tagged'
activesupport (5.1.3) lib/active_support/tagged_logging.rb:26:in `tagged'
activesupport (5.1.3) lib/active_support/tagged_logging.rb:69:in `tagged'
railties (5.1.3) lib/rails/rack/logger.rb:24:in `call'
sprockets-rails (3.2.0) lib/sprockets/rails/quiet_assets.rb:13:in `call'
actionpack (5.1.3) lib/action_dispatch/middleware/remote_ip.rb:79:in `call'
actionpack (5.1.3) lib/action_dispatch/middleware/request_id.rb:25:in `call'
rack (2.0.3) lib/rack/method_override.rb:22:in `call'
rack (2.0.3) lib/rack/runtime.rb:22:in `call'
activesupport (5.1.3) lib/active_support/cache/strategy/local_cache_middleware.rb:27:in `call'
actionpack (5.1.3) lib/action_dispatch/middleware/executor.rb:12:in `call'
actionpack (5.1.3) lib/action_dispatch/middleware/static.rb:125:in `call'
rack (2.0.3) lib/rack/sendfile.rb:111:in `call'
railties (5.1.3) lib/rails/engine.rb:522:in `call'
puma (3.10.0) lib/puma/configuration.rb:225:in `call'
puma (3.10.0) lib/puma/server.rb:605:in `handle_request'
puma (3.10.0) lib/puma/server.rb:437:in `process_client'
puma (3.10.0) lib/puma/server.rb:301:in `block in run'
puma (3.10.0) lib/puma/thread_pool.rb:120:in `block in spawn_thread'
  [1m[35m (0.5ms)[0m  [1m[34mSELECT pg_try_advisory_lock(892336952976185220)[0m
  [1m[35m (34.0ms)[0m  [1m[34mSELECT "schema_migrations"."version" FROM "schema_migrations" ORDER BY "schema_migrations"."version" ASC[0m
  [1m[36mActiveRecord::InternalMetadata Load (40.1ms)[0m  [1m[34mSELECT  "ar_internal_metadata".* FROM "ar_internal_metadata" WHERE "ar_internal_metadata"."key" = $1 LIMIT $2[0m  [["key", "environment"], ["LIMIT", 1]]
  [1m[35m (0.2ms)[0m  [1m[35mBEGIN[0m
  [1m[35m (0.2ms)[0m  [1m[35mCOMMIT[0m
  [1m[35m (0.3ms)[0m  [1m[34mSELECT pg_advisory_unlock(892336952976185220)[0m
  [1m[35m (0.3ms)[0m  [1m[34mSELECT "schema_migrations"."version" FROM "schema_migrations" ORDER BY "schema_migrations"."version" ASC[0m
Started POST "/articles/new" for 127.0.0.1 at 2017-08-26 19:49:52 -0700
  
ActionController::RoutingError (No route matches [POST] "/articles/new"):
  
actionpack (5.1.3) lib/action_dispatch/middleware/debug_exceptions.rb:63:in `call'
web-console (3.5.1) lib/web_console/middleware.rb:135:in `call_app'
web-console (3.5.1) lib/web_console/middleware.rb:28:in `block in call'
web-console (3.5.1) lib/web_console/middleware.rb:18:in `catch'
web-console (3.5.1) lib/web_console/middleware.rb:18:in `call'
actionpack (5.1.3) lib/action_dispatch/middleware/show_exceptions.rb:31:in `call'
railties (5.1.3) lib/rails/rack/logger.rb:36:in `call_app'
railties (5.1.3) lib/rails/rack/logger.rb:24:in `block in call'
activesupport (5.1.3) lib/active_support/tagged_logging.rb:69:in `block in tagged'
activesupport (5.1.3) lib/active_support/tagged_logging.rb:26:in `tagged'
activesupport (5.1.3) lib/active_support/tagged_logging.rb:69:in `tagged'
railties (5.1.3) lib/rails/rack/logger.rb:24:in `call'
sprockets-rails (3.2.0) lib/sprockets/rails/quiet_assets.rb:13:in `call'
actionpack (5.1.3) lib/action_dispatch/middleware/remote_ip.rb:79:in `call'
actionpack (5.1.3) lib/action_dispatch/middleware/request_id.rb:25:in `call'
rack (2.0.3) lib/rack/method_override.rb:22:in `call'
rack (2.0.3) lib/rack/runtime.rb:22:in `call'
activesupport (5.1.3) lib/active_support/cache/strategy/local_cache_middleware.rb:27:in `call'
actionpack (5.1.3) lib/action_dispatch/middleware/executor.rb:12:in `call'
actionpack (5.1.3) lib/action_dispatch/middleware/static.rb:125:in `call'
rack (2.0.3) lib/rack/sendfile.rb:111:in `call'
railties (5.1.3) lib/rails/engine.rb:522:in `call'
puma (3.10.0) lib/puma/configuration.rb:225:in `call'
puma (3.10.0) lib/puma/server.rb:605:in `handle_request'
puma (3.10.0) lib/puma/server.rb:437:in `process_client'
puma (3.10.0) lib/puma/server.rb:301:in `block in run'
puma (3.10.0) lib/puma/thread_pool.rb:120:in `block in spawn_thread'
Started GET "/articles/new" for 127.0.0.1 at 2017-08-26 19:49:57 -0700
Processing by ArticlesController#new as HTML
  Rendering articles/new.html.slim within layouts/application
  Rendered articles/new.html.slim within layouts/application (5.6ms)
Completed 200 OK in 125ms (Views: 122.2ms | ActiveRecord: 0.0ms)


Started POST "/articles" for 127.0.0.1 at 2017-08-26 19:50:02 -0700
Processing by ArticlesController#create as HTML
  Parameters: {"utf8"=>"✓", "authenticity_token"=>"RZfFK9ZUVZWvgoyKW5XK/SEmKXkPKRjoKRqFZC3LSIVGksT/EG5m9ZdI7HIGGSJ1PDGRfH0SFZgK9rCJWRQDOw==", "article"=>{"title"=>"title", "text"=>"text"}, "commit"=>"Save Article"}
  Rendering text template
  Rendered text template (0.0ms)
Completed 200 OK in 88ms (Views: 86.8ms | ActiveRecord: 0.0ms)


Started POST "/articles" for 127.0.0.1 at 2017-08-26 19:50:12 -0700
Processing by ArticlesController#create as HTML
  Parameters: {"utf8"=>"✓", "authenticity_token"=>"RZfFK9ZUVZWvgoyKW5XK/SEmKXkPKRjoKRqFZC3LSIVGksT/EG5m9ZdI7HIGGSJ1PDGRfH0SFZgK9rCJWRQDOw==", "article"=>{"title"=>"title", "text"=>"text"}, "commit"=>"Save Article"}
  [1m[35m (0.2ms)[0m  [1m[35mBEGIN[0m
  [1m[35mSQL (65.4ms)[0m  [1m[32mINSERT INTO "articles" ("title", "text", "created_at", "updated_at") VALUES ($1, $2, $3, $4) RETURNING "id"[0m  [["title", "title"], ["text", "text"], ["created_at", "2017-08-27 02:50:12.413872"], ["updated_at", "2017-08-27 02:50:12.413872"]]
  [1m[35m (43.9ms)[0m  [1m[35mCOMMIT[0m
Redirected to http://localhost:3000/articles/1
Completed 302 Found in 203ms (ActiveRecord: 145.0ms)


Started GET "/articles/1" for 127.0.0.1 at 2017-08-26 19:50:12 -0700
Processing by ArticlesController#show as HTML
  Parameters: {"id"=>"1"}
  [1m[36mArticle Load (0.3ms)[0m  [1m[34mSELECT  "articles".* FROM "articles" WHERE "articles"."id" = $1 LIMIT $2[0m  [["id", 1], ["LIMIT", 1]]
  Rendering articles/show.html.slim within layouts/application
  Rendered articles/show.html.slim within layouts/application (3.6ms)
Completed 200 OK in 153ms (Views: 96.0ms | ActiveRecord: 0.7ms)


Started GET "/articles/1" for 127.0.0.1 at 2017-08-26 19:50:41 -0700
Processing by ArticlesController#show as HTML
  Parameters: {"id"=>"1"}
  [1m[36mArticle Load (0.3ms)[0m  [1m[34mSELECT  "articles".* FROM "articles" WHERE "articles"."id" = $1 LIMIT $2[0m  [["id", 1], ["LIMIT", 1]]
  Rendering articles/show.html.slim within layouts/application
  Rendered articles/show.html.slim within layouts/application (3.2ms)
Completed 200 OK in 27ms (Views: 23.1ms | ActiveRecord: 0.3ms)


Started GET "/articles/1" for 127.0.0.1 at 2017-08-26 19:51:01 -0700
Processing by ArticlesController#show as HTML
  Parameters: {"id"=>"1"}
  [1m[36mArticle Load (0.3ms)[0m  [1m[34mSELECT  "articles".* FROM "articles" WHERE "articles"."id" = $1 LIMIT $2[0m  [["id", 1], ["LIMIT", 1]]
  Rendering articles/show.html.slim within layouts/application
  Rendered articles/show.html.slim within layouts/application (3.0ms)
Completed 200 OK in 28ms (Views: 23.8ms | ActiveRecord: 0.3ms)


Started GET "/articles/1" for 127.0.0.1 at 2017-08-26 19:51:17 -0700
Processing by ArticlesController#show as HTML
  Parameters: {"id"=>"1"}
  [1m[36mArticle Load (0.3ms)[0m  [1m[34mSELECT  "articles".* FROM "articles" WHERE "articles"."id" = $1 LIMIT $2[0m  [["id", 1], ["LIMIT", 1]]
  Rendering articles/show.html.slim within layouts/application
  Rendered articles/show.html.slim within layouts/application (3.2ms)
Completed 200 OK in 29ms (Views: 24.9ms | ActiveRecord: 0.3ms)


Started GET "/articles/new" for 127.0.0.1 at 2017-08-26 19:51:22 -0700
Processing by ArticlesController#new as HTML
  Rendering articles/new.html.slim within layouts/application
  Rendered articles/new.html.slim within layouts/application (5.7ms)
Completed 200 OK in 72ms (Views: 38.3ms | ActiveRecord: 0.0ms)


Started POST "/articles" for 127.0.0.1 at 2017-08-26 19:51:56 -0700
Processing by ArticlesController#create as HTML
  Parameters: {"utf8"=>"✓", "authenticity_token"=>"YxzJBEym3e4ugP8WMTWg4N8lcfqnPHUlEczPEdxtLUhgGcjQipzujhZKn+5suUhowjLJ/9UHeFUyIPr8qLJm9g==", "article"=>{"title"=>"Mangos are delish", "text"=>"Mangos are tasty ripe and full of vita C"}, "commit"=>"Save Article"}
  [1m[35m (0.2ms)[0m  [1m[35mBEGIN[0m
  [1m[35mSQL (0.4ms)[0m  [1m[32mINSERT INTO "articles" ("title", "text", "created_at", "updated_at") VALUES ($1, $2, $3, $4) RETURNING "id"[0m  [["title", "Mangos are delish"], ["text", "Mangos are tasty ripe and full of vita C"], ["created_at", "2017-08-27 02:51:56.098179"], ["updated_at", "2017-08-27 02:51:56.098179"]]
  [1m[35m (16.2ms)[0m  [1m[35mCOMMIT[0m
Redirected to http://localhost:3000/articles/2
Completed 302 Found in 21ms (ActiveRecord: 16.8ms)


Started GET "/articles/2" for 127.0.0.1 at 2017-08-26 19:51:56 -0700
Processing by ArticlesController#show as HTML
  Parameters: {"id"=>"2"}
  [1m[36mArticle Load (0.3ms)[0m  [1m[34mSELECT  "articles".* FROM "articles" WHERE "articles"."id" = $1 LIMIT $2[0m  [["id", 2], ["LIMIT", 1]]
  Rendering articles/show.html.slim within layouts/application
  Rendered articles/show.html.slim within layouts/application (3.5ms)
Completed 200 OK in 28ms (Views: 24.6ms | ActiveRecord: 0.3ms)


Started GET "/articles/2" for 127.0.0.1 at 2017-08-26 19:53:57 -0700
Processing by ArticlesController#show as HTML
  Parameters: {"id"=>"2"}
  [1m[36mArticle Load (0.3ms)[0m  [1m[34mSELECT  "articles".* FROM "articles" WHERE "articles"."id" = $1 LIMIT $2[0m  [["id", 2], ["LIMIT", 1]]
  Rendering articles/show.html.slim within layouts/application
  Rendered articles/show.html.slim within layouts/application (3.4ms)
Completed 200 OK in 186ms (Views: 182.1ms | ActiveRecord: 0.3ms)


Started GET "/articles/2" for 127.0.0.1 at 2017-08-26 19:56:16 -0700
Processing by ArticlesController#show as HTML
  Parameters: {"id"=>"2"}
  [1m[36mArticle Load (0.2ms)[0m  [1m[34mSELECT  "articles".* FROM "articles" WHERE "articles"."id" = $1 LIMIT $2[0m  [["id", 2], ["LIMIT", 1]]
  Rendering articles/show.html.slim within layouts/application
  Rendered articles/show.html.slim within layouts/application (5.9ms)
Completed 200 OK in 286ms (Views: 281.9ms | ActiveRecord: 0.2ms)


Started GET "/articles/2" for 127.0.0.1 at 2017-08-26 19:56:27 -0700
Processing by ArticlesController#show as HTML
  Parameters: {"id"=>"2"}
  [1m[36mArticle Load (0.3ms)[0m  [1m[34mSELECT  "articles".* FROM "articles" WHERE "articles"."id" = $1 LIMIT $2[0m  [["id", 2], ["LIMIT", 1]]
  Rendering articles/show.html.slim within layouts/application
  Rendered articles/show.html.slim within layouts/application (6.7ms)
Completed 500 Internal Server Error in 20ms (ActiveRecord: 0.3ms)


  
ActionView::Template::Error (Unknown line indicator
  /Users/RipCity/Projects/dbc/phase_3/blog/app/views/articles/show.html.slim, Line 7, Column 1
    &npsb
    ^
):
    4: 
    5: p 
    6: 	strong Text: 
    7: 	&npsb
    8: 	= @article.text
  
app/views/articles/show.html.slim:7
Started GET "/articles/2" for 127.0.0.1 at 2017-08-26 19:56:39 -0700
Processing by ArticlesController#show as HTML
  Parameters: {"id"=>"2"}
  [1m[36mArticle Load (0.2ms)[0m  [1m[34mSELECT  "articles".* FROM "articles" WHERE "articles"."id" = $1 LIMIT $2[0m  [["id", 2], ["LIMIT", 1]]
  Rendering articles/show.html.slim within layouts/application
  Rendered articles/show.html.slim within layouts/application (3.7ms)
Completed 200 OK in 135ms (Views: 129.5ms | ActiveRecord: 0.2ms)


Started GET "/articles/2" for 127.0.0.1 at 2017-08-26 19:56:59 -0700
Processing by ArticlesController#show as HTML
  Parameters: {"id"=>"2"}
  [1m[36mArticle Load (0.2ms)[0m  [1m[34mSELECT  "articles".* FROM "articles" WHERE "articles"."id" = $1 LIMIT $2[0m  [["id", 2], ["LIMIT", 1]]
  Rendering articles/show.html.slim within layouts/application
  Rendered articles/show.html.slim within layouts/application (3.0ms)
Completed 500 Internal Server Error in 12ms (ActiveRecord: 0.2ms)


  
ActionView::Template::Error (Unknown line indicator
  /Users/RipCity/Projects/dbc/phase_3/blog/app/views/articles/show.html.slim, Line 8, Column 1
    &npsb
    ^
):
    5: 
    6: p 
    7: 	strong Text: 
    8: 	&npsb
    9: 	= @article.text
  
app/views/articles/show.html.slim:8
Started GET "/articles/new" for 127.0.0.1 at 2017-08-26 20:03:58 -0700
Processing by ArticlesController#new as HTML
  Rendering articles/new.html.slim within layouts/application
  Rendered articles/new.html.slim within layouts/application (7.2ms)
Completed 200 OK in 196ms (Views: 176.9ms | ActiveRecord: 0.0ms)


Started POST "/articles" for 127.0.0.1 at 2017-08-26 20:04:15 -0700
Processing by ArticlesController#create as HTML
  Parameters: {"utf8"=>"✓", "authenticity_token"=>"YpwT31cDypXMfp8lfRz0CGiYE0U5yB/DmkdoQIlayuZhmRILkTn59fS0/90gkByAdY+rQEvzErO5q12t/YWBWA==", "article"=>{"title"=>"Getting a job", "text"=>"Its gonna take hustle"}, "commit"=>"Save Article"}
  [1m[35m (0.2ms)[0m  [1m[35mBEGIN[0m
  [1m[35mSQL (0.6ms)[0m  [1m[32mINSERT INTO "articles" ("title", "text", "created_at", "updated_at") VALUES ($1, $2, $3, $4) RETURNING "id"[0m  [["title", "Getting a job"], ["text", "Its gonna take hustle"], ["created_at", "2017-08-27 03:04:15.897726"], ["updated_at", "2017-08-27 03:04:15.897726"]]
  [1m[35m (27.5ms)[0m  [1m[35mCOMMIT[0m
Redirected to http://localhost:3000/articles/3
Completed 302 Found in 33ms (ActiveRecord: 28.2ms)


Started GET "/articles/3" for 127.0.0.1 at 2017-08-26 20:04:15 -0700
Processing by ArticlesController#show as HTML
  Parameters: {"id"=>"3"}
  [1m[36mArticle Load (0.2ms)[0m  [1m[34mSELECT  "articles".* FROM "articles" WHERE "articles"."id" = $1 LIMIT $2[0m  [["id", 3], ["LIMIT", 1]]
  Rendering articles/show.html.slim within layouts/application
  Rendered articles/show.html.slim within layouts/application (3.6ms)
Completed 200 OK in 29ms (Views: 24.5ms | ActiveRecord: 0.2ms)


Started GET "/articles/3" for 127.0.0.1 at 2017-08-26 20:04:34 -0700
Processing by ArticlesController#show as HTML
  Parameters: {"id"=>"3"}
  [1m[36mArticle Load (0.2ms)[0m  [1m[34mSELECT  "articles".* FROM "articles" WHERE "articles"."id" = $1 LIMIT $2[0m  [["id", 3], ["LIMIT", 1]]
  Rendering articles/show.html.slim within layouts/application
  Rendered articles/show.html.slim within layouts/application (4.5ms)
Completed 500 Internal Server Error in 19ms (ActiveRecord: 0.2ms)


  
ActionView::Template::Error (Malformed indentation
  /Users/RipCity/Projects/dbc/phase_3/blog/app/views/articles/show.html.slim, Line 3, Column 2
    |:&nbsp;
    ^
):
    1: p  
    2: 	strong Title:
    3:   |:&nbsp;
    4: 	= @article.title
    5: 	
    6: p 
  
app/views/articles/show.html.slim:3
Started GET "/articles/3" for 127.0.0.1 at 2017-08-26 20:04:44 -0700
Processing by ArticlesController#show as HTML
  Parameters: {"id"=>"3"}
  [1m[36mArticle Load (0.3ms)[0m  [1m[34mSELECT  "articles".* FROM "articles" WHERE "articles"."id" = $1 LIMIT $2[0m  [["id", 3], ["LIMIT", 1]]
  Rendering articles/show.html.slim within layouts/application
  Rendered articles/show.html.slim within layouts/application (3.1ms)
Completed 500 Internal Server Error in 17ms (ActiveRecord: 0.3ms)


  
ActionView::Template::Error (Malformed indentation
  /Users/RipCity/Projects/dbc/phase_3/blog/app/views/articles/show.html.slim, Line 3, Column 2
    br
    ^
):
    1: p  
    2: 	strong Title:
    3:   br
    4: 	= @article.title
    5: 	
    6: p 
  
app/views/articles/show.html.slim:3
Started GET "/articles/3" for 127.0.0.1 at 2017-08-26 20:04:48 -0700
Processing by ArticlesController#show as HTML
  Parameters: {"id"=>"3"}
  [1m[36mArticle Load (0.2ms)[0m  [1m[34mSELECT  "articles".* FROM "articles" WHERE "articles"."id" = $1 LIMIT $2[0m  [["id", 3], ["LIMIT", 1]]
  Rendering articles/show.html.slim within layouts/application
  Rendered articles/show.html.slim within layouts/application (4.2ms)
Completed 500 Internal Server Error in 15ms (ActiveRecord: 0.2ms)


  
ActionView::Template::Error (Malformed indentation
  /Users/RipCity/Projects/dbc/phase_3/blog/app/views/articles/show.html.slim, Line 3, Column 2
    br
    ^
):
    1: p  
    2: 	strong Title:
    3:   br
    4: 	= @article.title
    5: 	
    6: p 
  
app/views/articles/show.html.slim:3
Started GET "/articles/3" for 127.0.0.1 at 2017-08-26 20:05:25 -0700
Processing by ArticlesController#show as HTML
  Parameters: {"id"=>"3"}
  [1m[36mArticle Load (0.2ms)[0m  [1m[34mSELECT  "articles".* FROM "articles" WHERE "articles"."id" = $1 LIMIT $2[0m  [["id", 3], ["LIMIT", 1]]
  Rendering articles/show.html.slim within layouts/application
  Rendered articles/show.html.slim within layouts/application (3.5ms)
Completed 200 OK in 180ms (Views: 175.2ms | ActiveRecord: 0.2ms)


Started GET "/articles/3" for 127.0.0.1 at 2017-08-26 20:05:33 -0700
Processing by ArticlesController#show as HTML
  Parameters: {"id"=>"3"}
  [1m[36mArticle Load (0.3ms)[0m  [1m[34mSELECT  "articles".* FROM "articles" WHERE "articles"."id" = $1 LIMIT $2[0m  [["id", 3], ["LIMIT", 1]]
  Rendering articles/show.html.slim within layouts/application
  Rendered articles/show.html.slim within layouts/application (6.3ms)
Completed 200 OK in 50ms (Views: 42.4ms | ActiveRecord: 0.3ms)


Started GET "/articles/index" for 127.0.0.1 at 2017-08-26 20:12:28 -0700
Processing by ArticlesController#show as HTML
  Parameters: {"id"=>"index"}
  [1m[36mArticle Load (0.2ms)[0m  [1m[34mSELECT  "articles".* FROM "articles" WHERE "articles"."id" = $1 LIMIT $2[0m  [["id", 0], ["LIMIT", 1]]
Completed 404 Not Found in 2ms (ActiveRecord: 0.2ms)


  
ActiveRecord::RecordNotFound (Couldn't find Article with 'id'=index):
  
app/controllers/articles_controller.rb:16:in `show'
Started GET "/articles" for 127.0.0.1 at 2017-08-26 20:17:45 -0700
Processing by ArticlesController#index as HTML
  Rendering articles/index.html.slim within layouts/application
  [1m[36mArticle Load (0.4ms)[0m  [1m[34mSELECT "articles".* FROM "articles"[0m
  Rendered articles/index.html.slim within layouts/application (17.6ms)
Completed 200 OK in 203ms (Views: 135.8ms | ActiveRecord: 5.3ms)


Started GET "/articles/1" for 127.0.0.1 at 2017-08-26 20:17:49 -0700
Processing by ArticlesController#show as HTML
  Parameters: {"id"=>"1"}
  [1m[36mArticle Load (3.1ms)[0m  [1m[34mSELECT  "articles".* FROM "articles" WHERE "articles"."id" = $1 LIMIT $2[0m  [["id", 1], ["LIMIT", 1]]
  Rendering articles/show.html.slim within layouts/application
  Rendered articles/show.html.slim within layouts/application (4.5ms)
Completed 200 OK in 55ms (Views: 31.8ms | ActiveRecord: 3.1ms)


Started GET "/articles/2" for 127.0.0.1 at 2017-08-26 20:17:52 -0700
Processing by ArticlesController#show as HTML
  Parameters: {"id"=>"2"}
  [1m[36mArticle Load (2.7ms)[0m  [1m[34mSELECT  "articles".* FROM "articles" WHERE "articles"."id" = $1 LIMIT $2[0m  [["id", 2], ["LIMIT", 1]]
  Rendering articles/show.html.slim within layouts/application
  Rendered articles/show.html.slim within layouts/application (6.5ms)
Completed 200 OK in 55ms (Views: 46.0ms | ActiveRecord: 2.7ms)


Started GET "/articles/3" for 127.0.0.1 at 2017-08-26 20:17:55 -0700
Processing by ArticlesController#show as HTML
  Parameters: {"id"=>"3"}
  [1m[36mArticle Load (2.8ms)[0m  [1m[34mSELECT  "articles".* FROM "articles" WHERE "articles"."id" = $1 LIMIT $2[0m  [["id", 3], ["LIMIT", 1]]
  Rendering articles/show.html.slim within layouts/application
  Rendered articles/show.html.slim within layouts/application (6.5ms)
Completed 200 OK in 54ms (Views: 44.8ms | ActiveRecord: 2.8ms)


Started GET "/" for 127.0.0.1 at 2017-08-26 20:21:48 -0700
Processing by WelcomeController#index as HTML
  Rendering welcome/index.html.slim within layouts/application
  Rendered welcome/index.html.slim within layouts/application (7.9ms)
Completed 500 Internal Server Error in 61ms (ActiveRecord: 0.0ms)


  
ActionView::Template::Error (No route matches {:action=>"index", :controller=>"artcles"}):
    1: h1 Hello Rails!
    2: = link_to 'My Blog', controller: 'artcles'
  
app/views/welcome/index.html.slim:2:in `_app_views_welcome_index_html_slim__3983519414475439326_70327086991200'
Started GET "/" for 127.0.0.1 at 2017-08-26 20:22:09 -0700
Processing by WelcomeController#index as HTML
  Rendering welcome/index.html.slim within layouts/application
  Rendered welcome/index.html.slim within layouts/application (4.8ms)
Completed 200 OK in 189ms (Views: 184.0ms | ActiveRecord: 0.0ms)


Started GET "/articles" for 127.0.0.1 at 2017-08-26 20:22:11 -0700
Processing by ArticlesController#index as HTML
  Rendering articles/index.html.slim within layouts/application
  [1m[36mArticle Load (0.4ms)[0m  [1m[34mSELECT "articles".* FROM "articles"[0m
  Rendered articles/index.html.slim within layouts/application (6.1ms)
Completed 200 OK in 71ms (Views: 29.6ms | ActiveRecord: 0.4ms)


Started GET "/articles" for 127.0.0.1 at 2017-08-26 20:22:14 -0700
Processing by ArticlesController#index as HTML
  Rendering articles/index.html.slim within layouts/application
  [1m[36mArticle Load (0.6ms)[0m  [1m[34mSELECT "articles".* FROM "articles"[0m
  Rendered articles/index.html.slim within layouts/application (18.4ms)
Completed 200 OK in 70ms (Views: 64.5ms | ActiveRecord: 0.6ms)


Started GET "/" for 127.0.0.1 at 2017-08-26 20:33:06 -0700
Processing by WelcomeController#index as HTML
  Rendering welcome/index.html.slim within layouts/application
  Rendered welcome/index.html.slim within layouts/application (18.5ms)
Completed 500 Internal Server Error in 43ms (ActiveRecord: 0.0ms)


  
ActionView::Template::Error (No route matches {:action=>"index", :controller=>"articles/new"}):
    1: h1 Hello Rails!
    2: = link_to 'My Blog', controller: 'articles/new'
  
app/views/welcome/index.html.slim:2:in `_app_views_welcome_index_html_slim__3983519414475439326_70327066647660'
Started GET "/" for 127.0.0.1 at 2017-08-26 20:33:18 -0700
Processing by WelcomeController#index as HTML
  Rendering welcome/index.html.slim within layouts/application
  Rendered welcome/index.html.slim within layouts/application (4.0ms)
Completed 200 OK in 218ms (Views: 214.8ms | ActiveRecord: 0.0ms)


Started GET "/" for 127.0.0.1 at 2017-08-26 20:35:03 -0700
Processing by WelcomeController#index as HTML
  Rendering welcome/index.html.slim within layouts/application
  Rendered welcome/index.html.slim within layouts/application (3.2ms)
Completed 200 OK in 168ms (Views: 145.9ms | ActiveRecord: 0.0ms)


Started GET "/articles" for 127.0.0.1 at 2017-08-26 20:35:05 -0700
Processing by ArticlesController#index as HTML
  Rendering articles/index.html.slim within layouts/application
  [1m[36mArticle Load (0.6ms)[0m  [1m[34mSELECT "articles".* FROM "articles"[0m
  Rendered articles/index.html.slim within layouts/application (10.4ms)
Completed 200 OK in 54ms (Views: 31.6ms | ActiveRecord: 0.6ms)


Started GET "/articles/new" for 127.0.0.1 at 2017-08-26 20:35:15 -0700
Processing by ArticlesController#new as HTML
  Rendering articles/new.html.slim within layouts/application
  Rendered articles/new.html.slim within layouts/application (6.4ms)
Completed 200 OK in 27ms (Views: 23.6ms | ActiveRecord: 0.0ms)


Started GET "/articles" for 127.0.0.1 at 2017-08-26 20:35:17 -0700
Processing by ArticlesController#index as HTML
  Rendering articles/index.html.slim within layouts/application
  [1m[36mArticle Load (0.8ms)[0m  [1m[34mSELECT "articles".* FROM "articles"[0m
  Rendered articles/index.html.slim within layouts/application (12.4ms)
Completed 200 OK in 51ms (Views: 44.4ms | ActiveRecord: 0.8ms)


Started GET "/articles" for 127.0.0.1 at 2017-08-26 20:36:05 -0700
Processing by ArticlesController#index as HTML
  Rendering articles/index.html.slim within layouts/application
  [1m[36mArticle Load (0.3ms)[0m  [1m[34mSELECT "articles".* FROM "articles"[0m
  Rendered articles/index.html.slim within layouts/application (9.4ms)
Completed 500 Internal Server Error in 18ms (ActiveRecord: 0.3ms)


  
ActionView::Template::Error (No route matches {:action=>"show", :controller=>"articles"}, missing required keys: [:id]):
    13: 	    td = article.text
    14: 	    td = link_to 'Show', article_path(article)
    15: p 
    16: 	= link_to 'New', article_path
  
app/views/articles/index.html.slim:16:in `_app_views_articles_index_html_slim___161376972550143328_70327094860560'
Started GET "/articles" for 127.0.0.1 at 2017-08-26 20:36:14 -0700
Processing by ArticlesController#index as HTML
  Rendering articles/index.html.slim within layouts/application
  [1m[36mArticle Load (0.3ms)[0m  [1m[34mSELECT "articles".* FROM "articles"[0m
  Rendered articles/index.html.slim within layouts/application (8.0ms)
Completed 200 OK in 36ms (Views: 32.2ms | ActiveRecord: 0.3ms)


Started GET "/articles" for 127.0.0.1 at 2017-08-26 20:36:17 -0700
Processing by ArticlesController#index as HTML
  Rendering articles/index.html.slim within layouts/application
  [1m[36mArticle Load (0.9ms)[0m  [1m[34mSELECT "articles".* FROM "articles"[0m
  Rendered articles/index.html.slim within layouts/application (17.4ms)
Completed 200 OK in 52ms (Views: 46.8ms | ActiveRecord: 0.9ms)


Started GET "/articles" for 127.0.0.1 at 2017-08-26 20:36:21 -0700
Processing by ArticlesController#index as HTML
  Rendering articles/index.html.slim within layouts/application
  [1m[36mArticle Load (2.4ms)[0m  [1m[34mSELECT "articles".* FROM "articles"[0m
  Rendered articles/index.html.slim within layouts/application (21.9ms)
Completed 200 OK in 59ms (Views: 51.7ms | ActiveRecord: 2.4ms)


Started GET "/articles" for 127.0.0.1 at 2017-08-26 20:36:33 -0700
Processing by ArticlesController#index as HTML
  Rendering articles/index.html.slim within layouts/application
  [1m[36mArticle Load (0.4ms)[0m  [1m[34mSELECT "articles".* FROM "articles"[0m
  Rendered articles/index.html.slim within layouts/application (6.3ms)
Completed 200 OK in 31ms (Views: 26.8ms | ActiveRecord: 0.4ms)


Started GET "/articles" for 127.0.0.1 at 2017-08-26 20:36:35 -0700
Processing by ArticlesController#index as HTML
  Rendering articles/index.html.slim within layouts/application
  [1m[36mArticle Load (1.0ms)[0m  [1m[34mSELECT "articles".* FROM "articles"[0m
  Rendered articles/index.html.slim within layouts/application (13.7ms)
Completed 200 OK in 47ms (Views: 42.6ms | ActiveRecord: 1.0ms)


Started GET "/articles" for 127.0.0.1 at 2017-08-26 20:36:46 -0700
Processing by ArticlesController#index as HTML
  Rendering articles/index.html.slim within layouts/application
  [1m[36mArticle Load (2.3ms)[0m  [1m[34mSELECT "articles".* FROM "articles"[0m
  Rendered articles/index.html.slim within layouts/application (20.4ms)
Completed 200 OK in 255ms (Views: 249.3ms | ActiveRecord: 2.3ms)


Started GET "/articles" for 127.0.0.1 at 2017-08-26 20:36:50 -0700
Processing by ArticlesController#index as HTML
  Rendering articles/index.html.slim within layouts/application
  [1m[36mArticle Load (3.0ms)[0m  [1m[34mSELECT "articles".* FROM "articles"[0m
  Rendered articles/index.html.slim within layouts/application (20.7ms)
Completed 200 OK in 65ms (Views: 57.6ms | ActiveRecord: 3.0ms)


Started GET "/articles" for 127.0.0.1 at 2017-08-26 20:36:53 -0700
Processing by ArticlesController#index as HTML
  Rendering articles/index.html.slim within layouts/application
  [1m[36mArticle Load (6.4ms)[0m  [1m[34mSELECT "articles".* FROM "articles"[0m
  Rendered articles/index.html.slim within layouts/application (19.9ms)
Completed 200 OK in 79ms (Views: 66.9ms | ActiveRecord: 6.4ms)


Started GET "/articles" for 127.0.0.1 at 2017-08-26 20:38:30 -0700
Processing by ArticlesController#index as HTML
  Rendering articles/index.html.slim within layouts/application
  [1m[36mArticle Load (0.3ms)[0m  [1m[34mSELECT "articles".* FROM "articles"[0m
  Rendered articles/index.html.slim within layouts/application (5.9ms)
Completed 200 OK in 230ms (Views: 226.4ms | ActiveRecord: 0.3ms)


Started GET "/articles" for 127.0.0.1 at 2017-08-26 20:38:31 -0700
Processing by ArticlesController#index as HTML
  Rendering articles/index.html.slim within layouts/application
  [1m[36mArticle Load (4.0ms)[0m  [1m[34mSELECT "articles".* FROM "articles"[0m
  Rendered articles/index.html.slim within layouts/application (23.7ms)
Completed 200 OK in 62ms (Views: 53.5ms | ActiveRecord: 4.0ms)


Started GET "/articles" for 127.0.0.1 at 2017-08-26 20:38:35 -0700
Processing by ArticlesController#index as HTML
  Rendering articles/index.html.slim within layouts/application
  [1m[36mArticle Load (5.8ms)[0m  [1m[34mSELECT "articles".* FROM "articles"[0m
  Rendered articles/index.html.slim within layouts/application (22.7ms)
Completed 200 OK in 72ms (Views: 62.1ms | ActiveRecord: 5.8ms)


Started GET "/articles" for 127.0.0.1 at 2017-08-26 20:39:22 -0700
Processing by ArticlesController#index as HTML
  Rendering articles/index.html.slim within layouts/application
  [1m[36mArticle Load (0.5ms)[0m  [1m[34mSELECT "articles".* FROM "articles"[0m
  Rendered articles/index.html.slim within layouts/application (15.5ms)
Completed 200 OK in 53ms (Views: 48.9ms | ActiveRecord: 0.5ms)


Started GET "/articles" for 127.0.0.1 at 2017-08-26 21:13:48 -0700
Processing by ArticlesController#index as HTML
  Rendering articles/index.html.slim within layouts/application
  [1m[36mArticle Load (1.2ms)[0m  [1m[34mSELECT "articles".* FROM "articles"[0m
  Rendered articles/index.html.slim within layouts/application (47.2ms)
Completed 200 OK in 277ms (Views: 233.3ms | ActiveRecord: 1.2ms)


Started GET "/articles" for 127.0.0.1 at 2017-08-26 21:13:49 -0700
Processing by ArticlesController#index as HTML
  Rendering articles/index.html.slim within layouts/application
  [1m[36mArticle Load (0.9ms)[0m  [1m[34mSELECT "articles".* FROM "articles"[0m
  Rendered articles/index.html.slim within layouts/application (24.5ms)
Completed 200 OK in 73ms (Views: 66.9ms | ActiveRecord: 0.9ms)


Started GET "/articles" for 127.0.0.1 at 2017-08-26 21:13:51 -0700
Processing by ArticlesController#index as HTML
  Rendering articles/index.html.slim within layouts/application
  [1m[36mArticle Load (0.9ms)[0m  [1m[34mSELECT "articles".* FROM "articles"[0m
  Rendered articles/index.html.slim within layouts/application (31.0ms)
Completed 200 OK in 74ms (Views: 68.4ms | ActiveRecord: 0.9ms)


Started GET "/articles" for 127.0.0.1 at 2017-08-26 21:14:06 -0700
Processing by ArticlesController#index as HTML
  Rendering articles/index.html.slim within layouts/application
  [1m[36mArticle Load (0.4ms)[0m  [1m[34mSELECT "articles".* FROM "articles"[0m
  Rendered articles/index.html.slim within layouts/application (8.4ms)
Completed 200 OK in 133ms (Views: 122.4ms | ActiveRecord: 0.4ms)


Started GET "/articles" for 127.0.0.1 at 2017-08-26 21:14:07 -0700
Processing by ArticlesController#index as HTML
  Rendering articles/index.html.slim within layouts/application
  [1m[36mArticle Load (1.1ms)[0m  [1m[34mSELECT "articles".* FROM "articles"[0m
  Rendered articles/index.html.slim within layouts/application (26.9ms)
Completed 200 OK in 91ms (Views: 84.4ms | ActiveRecord: 1.1ms)


Started GET "/articles" for 127.0.0.1 at 2017-08-26 21:14:17 -0700
Processing by ArticlesController#index as HTML
  Rendering articles/index.html.slim within layouts/application
  [1m[36mArticle Load (0.3ms)[0m  [1m[34mSELECT "articles".* FROM "articles"[0m
  Rendered articles/index.html.slim within layouts/application (8.8ms)
Completed 200 OK in 55ms (Views: 42.6ms | ActiveRecord: 0.3ms)


Started GET "/articles" for 127.0.0.1 at 2017-08-26 21:14:30 -0700
Processing by ArticlesController#index as HTML
  Rendering articles/index.html.slim within layouts/application
  [1m[36mArticle Load (0.3ms)[0m  [1m[34mSELECT "articles".* FROM "articles"[0m
  Rendered articles/index.html.slim within layouts/application (14.1ms)
Completed 200 OK in 146ms (Views: 142.1ms | ActiveRecord: 0.3ms)


Started GET "/articles/1" for 127.0.0.1 at 2017-08-26 21:14:41 -0700
Processing by ArticlesController#show as HTML
  Parameters: {"id"=>"1"}
  [1m[36mArticle Load (0.4ms)[0m  [1m[34mSELECT  "articles".* FROM "articles" WHERE "articles"."id" = $1 LIMIT $2[0m  [["id", 1], ["LIMIT", 1]]
  Rendering articles/show.html.slim within layouts/application
  Rendered articles/show.html.slim within layouts/application (3.7ms)
Completed 200 OK in 66ms (Views: 25.3ms | ActiveRecord: 0.4ms)


Started GET "/articles" for 127.0.0.1 at 2017-08-26 21:14:55 -0700
Processing by ArticlesController#index as HTML
  Rendering articles/index.html.slim within layouts/application
  [1m[36mArticle Load (4.7ms)[0m  [1m[34mSELECT "articles".* FROM "articles"[0m
  Rendered articles/index.html.slim within layouts/application (22.8ms)
Completed 200 OK in 66ms (Views: 57.4ms | ActiveRecord: 4.7ms)


Started GET "/articles" for 127.0.0.1 at 2017-08-26 21:14:57 -0700
Processing by ArticlesController#index as HTML
  Rendering articles/index.html.slim within layouts/application
  [1m[36mArticle Load (0.5ms)[0m  [1m[34mSELECT "articles".* FROM "articles"[0m
  Rendered articles/index.html.slim within layouts/application (34.1ms)
Completed 200 OK in 70ms (Views: 65.4ms | ActiveRecord: 0.5ms)


Started GET "/articles/3" for 127.0.0.1 at 2017-08-26 21:14:58 -0700
Processing by ArticlesController#show as HTML
  Parameters: {"id"=>"3"}
  [1m[36mArticle Load (0.4ms)[0m  [1m[34mSELECT  "articles".* FROM "articles" WHERE "articles"."id" = $1 LIMIT $2[0m  [["id", 3], ["LIMIT", 1]]
  Rendering articles/show.html.slim within layouts/application
  Rendered articles/show.html.slim within layouts/application (6.3ms)
Completed 200 OK in 43ms (Views: 38.2ms | ActiveRecord: 0.4ms)


Started GET "/articles/3" for 127.0.0.1 at 2017-08-26 21:15:39 -0700
Processing by ArticlesController#show as HTML
  Parameters: {"id"=>"3"}
  [1m[36mArticle Load (0.6ms)[0m  [1m[34mSELECT  "articles".* FROM "articles" WHERE "articles"."id" = $1 LIMIT $2[0m  [["id", 3], ["LIMIT", 1]]
  Rendering articles/show.html.slim within layouts/application
  Rendered articles/show.html.slim within layouts/application (4.7ms)
Completed 200 OK in 207ms (Views: 201.0ms | ActiveRecord: 0.6ms)


Started GET "/articles" for 127.0.0.1 at 2017-08-26 21:15:41 -0700
Processing by ArticlesController#index as HTML
  Rendering articles/index.html.slim within layouts/application
  [1m[36mArticle Load (0.4ms)[0m  [1m[34mSELECT "articles".* FROM "articles"[0m
  Rendered articles/index.html.slim within layouts/application (7.2ms)
Completed 200 OK in 90ms (Views: 35.7ms | ActiveRecord: 0.4ms)


Started GET "/articles" for 127.0.0.1 at 2017-08-26 21:15:45 -0700
Processing by ArticlesController#index as HTML
  Rendering articles/index.html.slim within layouts/application
  [1m[36mArticle Load (2.9ms)[0m  [1m[34mSELECT "articles".* FROM "articles"[0m
  Rendered articles/index.html.slim within layouts/application (21.1ms)
Completed 200 OK in 71ms (Views: 64.1ms | ActiveRecord: 2.9ms)


Started GET "/articles" for 127.0.0.1 at 2017-08-26 21:16:28 -0700
Processing by ArticlesController#index as HTML
  Rendering articles/index.html.slim within layouts/application
  [1m[36mArticle Load (0.3ms)[0m  [1m[34mSELECT "articles".* FROM "articles"[0m
  Rendered articles/index.html.slim within layouts/application (7.7ms)
Completed 200 OK in 45ms (Views: 40.5ms | ActiveRecord: 0.3ms)


Started GET "/articles" for 127.0.0.1 at 2017-08-26 21:16:30 -0700
Processing by ArticlesController#index as HTML
  Rendering articles/index.html.slim within layouts/application
  [1m[36mArticle Load (0.5ms)[0m  [1m[34mSELECT "articles".* FROM "articles"[0m
  Rendered articles/index.html.slim within layouts/application (10.7ms)
Completed 200 OK in 46ms (Views: 41.6ms | ActiveRecord: 0.5ms)


Started GET "/articles" for 127.0.0.1 at 2017-08-26 21:16:31 -0700
Processing by ArticlesController#index as HTML
  Rendering articles/index.html.slim within layouts/application
  [1m[36mArticle Load (0.6ms)[0m  [1m[34mSELECT "articles".* FROM "articles"[0m
  Rendered articles/index.html.slim within layouts/application (15.4ms)
Completed 200 OK in 65ms (Views: 60.8ms | ActiveRecord: 0.6ms)


Started GET "/articles" for 127.0.0.1 at 2017-08-26 21:16:32 -0700
Processing by ArticlesController#index as HTML
  Rendering articles/index.html.slim within layouts/application
  [1m[36mArticle Load (1.9ms)[0m  [1m[34mSELECT "articles".* FROM "articles"[0m
  Rendered articles/index.html.slim within layouts/application (19.6ms)
Completed 200 OK in 60ms (Views: 54.2ms | ActiveRecord: 1.9ms)


Started GET "/articles/3" for 127.0.0.1 at 2017-08-26 21:16:34 -0700
Processing by ArticlesController#show as HTML
  Parameters: {"id"=>"3"}
  [1m[36mArticle Load (0.8ms)[0m  [1m[34mSELECT  "articles".* FROM "articles" WHERE "articles"."id" = $1 LIMIT $2[0m  [["id", 3], ["LIMIT", 1]]
  Rendering articles/show.html.slim within layouts/application
  Rendered articles/show.html.slim within layouts/application (6.0ms)
Completed 200 OK in 81ms (Views: 71.8ms | ActiveRecord: 0.8ms)


Started GET "/articles" for 127.0.0.1 at 2017-08-26 21:16:35 -0700
Processing by ArticlesController#index as HTML
  Rendering articles/index.html.slim within layouts/application
  [1m[36mArticle Load (6.8ms)[0m  [1m[34mSELECT "articles".* FROM "articles"[0m
  Rendered articles/index.html.slim within layouts/application (20.1ms)
Completed 200 OK in 73ms (Views: 60.4ms | ActiveRecord: 6.8ms)


Started GET "/articles" for 127.0.0.1 at 2017-08-26 21:16:37 -0700
Processing by ArticlesController#index as HTML
  Rendering articles/index.html.slim within layouts/application
  [1m[36mArticle Load (0.5ms)[0m  [1m[34mSELECT "articles".* FROM "articles"[0m
  Rendered articles/index.html.slim within layouts/application (44.8ms)
Completed 200 OK in 93ms (Views: 88.4ms | ActiveRecord: 0.5ms)


Started GET "/articles" for 127.0.0.1 at 2017-08-26 21:16:55 -0700
Processing by ArticlesController#index as HTML
  Rendering articles/index.html.slim within layouts/application
  [1m[36mArticle Load (0.4ms)[0m  [1m[34mSELECT "articles".* FROM "articles"[0m
  Rendered articles/index.html.slim within layouts/application (8.7ms)
Completed 200 OK in 161ms (Views: 156.8ms | ActiveRecord: 0.4ms)


Started GET "/articles" for 127.0.0.1 at 2017-08-26 21:16:57 -0700
Processing by ArticlesController#index as HTML
  Rendering articles/index.html.slim within layouts/application
  [1m[36mArticle Load (1.6ms)[0m  [1m[34mSELECT "articles".* FROM "articles"[0m
  Rendered articles/index.html.slim within layouts/application (30.4ms)
Completed 200 OK in 82ms (Views: 76.4ms | ActiveRecord: 1.6ms)


Started GET "/articles" for 127.0.0.1 at 2017-08-26 21:16:59 -0700
Processing by ArticlesController#index as HTML
  Rendering articles/index.html.slim within layouts/application
  [1m[36mArticle Load (2.2ms)[0m  [1m[34mSELECT "articles".* FROM "articles"[0m
  Rendered articles/index.html.slim within layouts/application (25.7ms)
Completed 200 OK in 77ms (Views: 71.1ms | ActiveRecord: 2.2ms)


Started GET "/articles" for 127.0.0.1 at 2017-08-26 21:17:08 -0700
Processing by ArticlesController#index as HTML
  Rendering articles/index.html.slim within layouts/application
  [1m[36mArticle Load (0.8ms)[0m  [1m[34mSELECT "articles".* FROM "articles"[0m
  Rendered articles/index.html.slim within layouts/application (14.9ms)
Completed 200 OK in 46ms (Views: 41.3ms | ActiveRecord: 0.8ms)


Started GET "/articles" for 127.0.0.1 at 2017-08-26 21:17:10 -0700
Processing by ArticlesController#index as HTML
  Rendering articles/index.html.slim within layouts/application
  [1m[36mArticle Load (0.3ms)[0m  [1m[34mSELECT "articles".* FROM "articles"[0m
  Rendered articles/index.html.slim within layouts/application (11.3ms)
Completed 200 OK in 52ms (Views: 47.6ms | ActiveRecord: 0.3ms)


Started GET "/articles" for 127.0.0.1 at 2017-08-26 21:17:41 -0700
Processing by ArticlesController#index as HTML
  Rendering articles/index.html.slim within layouts/application
  [1m[36mArticle Load (0.3ms)[0m  [1m[34mSELECT "articles".* FROM "articles"[0m
  Rendered articles/index.html.slim within layouts/application (11.7ms)
Completed 200 OK in 51ms (Views: 47.1ms | ActiveRecord: 0.3ms)


Started GET "/articles" for 127.0.0.1 at 2017-08-26 21:17:42 -0700
Processing by ArticlesController#index as HTML
  Rendering articles/index.html.slim within layouts/application
  [1m[36mArticle Load (0.4ms)[0m  [1m[34mSELECT "articles".* FROM "articles"[0m
  Rendered articles/index.html.slim within layouts/application (10.0ms)
Completed 200 OK in 73ms (Views: 69.2ms | ActiveRecord: 0.4ms)


Started GET "/articles/3" for 127.0.0.1 at 2017-08-26 21:17:46 -0700
Processing by ArticlesController#show as HTML
  Parameters: {"id"=>"3"}
  [1m[36mArticle Load (1.0ms)[0m  [1m[34mSELECT  "articles".* FROM "articles" WHERE "articles"."id" = $1 LIMIT $2[0m  [["id", 3], ["LIMIT", 1]]
  Rendering articles/show.html.slim within layouts/application
  Rendered articles/show.html.slim within layouts/application (419.2ms)
Completed 500 Internal Server Error in 436ms (ActiveRecord: 1.0ms)


  
ActionView::Template::Error (undefined method `root' for #<#<Class:0x007fec9a6e38c0>:0x007fec9c09cc58>):
     8: 	br
     9: 	= @article.text
    10: 
    11: = root 'welcome#index'
  
app/views/articles/show.html.slim:11:in `_app_views_articles_show_html_slim__3279145072836178967_70327103449880'
Started GET "/articles" for 127.0.0.1 at 2017-08-26 21:17:59 -0700
Processing by ArticlesController#index as HTML
  Rendering articles/index.html.slim within layouts/application
  [1m[36mArticle Load (0.4ms)[0m  [1m[34mSELECT "articles".* FROM "articles"[0m
  Rendered articles/index.html.slim within layouts/application (14.2ms)
Completed 200 OK in 62ms (Views: 58.9ms | ActiveRecord: 0.4ms)


Started GET "/articles/1" for 127.0.0.1 at 2017-08-26 21:18:02 -0700
Processing by ArticlesController#show as HTML
  Parameters: {"id"=>"1"}
  [1m[36mArticle Load (6.0ms)[0m  [1m[34mSELECT  "articles".* FROM "articles" WHERE "articles"."id" = $1 LIMIT $2[0m  [["id", 1], ["LIMIT", 1]]
  Rendering articles/show.html.slim within layouts/application
  Rendered articles/show.html.slim within layouts/application (7.2ms)
Completed 200 OK in 71ms (Views: 49.3ms | ActiveRecord: 6.0ms)


Started GET "/articles/1" for 127.0.0.1 at 2017-08-26 21:18:44 -0700
Processing by ArticlesController#show as HTML
  Parameters: {"id"=>"1"}
  [1m[36mArticle Load (0.5ms)[0m  [1m[34mSELECT  "articles".* FROM "articles" WHERE "articles"."id" = $1 LIMIT $2[0m  [["id", 1], ["LIMIT", 1]]
  Rendering articles/show.html.slim within layouts/application
  Rendered articles/show.html.slim within layouts/application (9.7ms)
Completed 200 OK in 201ms (Views: 193.9ms | ActiveRecord: 0.5ms)


Started GET "/articles" for 127.0.0.1 at 2017-08-26 21:18:45 -0700
Processing by ArticlesController#index as HTML
  Rendering articles/index.html.slim within layouts/application
  [1m[36mArticle Load (0.4ms)[0m  [1m[34mSELECT "articles".* FROM "articles"[0m
  Rendered articles/index.html.slim within layouts/application (10.2ms)
Completed 200 OK in 82ms (Views: 44.8ms | ActiveRecord: 0.4ms)


Started GET "/articles" for 127.0.0.1 at 2017-08-26 21:18:48 -0700
Processing by ArticlesController#index as HTML
  Rendering articles/index.html.slim within layouts/application
  [1m[36mArticle Load (0.3ms)[0m  [1m[34mSELECT "articles".* FROM "articles"[0m
  Rendered articles/index.html.slim within layouts/application (8.3ms)
Completed 200 OK in 74ms (Views: 69.5ms | ActiveRecord: 0.3ms)


Started GET "/articles/new" for 127.0.0.1 at 2017-08-26 21:18:56 -0700
Processing by ArticlesController#new as HTML
  Rendering articles/new.html.slim within layouts/application
  Rendered articles/new.html.slim within layouts/application (5.9ms)
Completed 200 OK in 52ms (Views: 33.1ms | ActiveRecord: 0.0ms)


Started GET "/articles" for 127.0.0.1 at 2017-08-26 21:18:58 -0700
Processing by ArticlesController#index as HTML
  Rendering articles/index.html.slim within layouts/application
  [1m[36mArticle Load (4.2ms)[0m  [1m[34mSELECT "articles".* FROM "articles"[0m
  Rendered articles/index.html.slim within layouts/application (22.9ms)
Completed 200 OK in 62ms (Views: 53.0ms | ActiveRecord: 4.2ms)


